-- Found ament_cmake: 1.3.11 (/opt/ros/humble/share/ament_cmake/cmake)
-- Found ament_lint_auto: 0.12.12 (/opt/ros/humble/share/ament_lint_auto/cmake)
-- Found rclcpp: 16.0.12 (/opt/ros/humble/share/rclcpp/cmake)
-- Found rosidl_generator_c: 3.1.6 (/opt/ros/humble/share/rosidl_generator_c/cmake)
-- Found rosidl_adapter: 3.1.6 (/opt/ros/humble/share/rosidl_adapter/cmake)
-- Found rosidl_generator_cpp: 3.1.6 (/opt/ros/humble/share/rosidl_generator_cpp/cmake)
-- Using all available rosidl_typesupport_c: rosidl_typesupport_fastrtps_c;rosidl_typesupport_introspection_c
-- Using all available rosidl_typesupport_cpp: rosidl_typesupport_fastrtps_cpp;rosidl_typesupport_introspection_cpp
-- Found rmw_implementation_cmake: 6.1.2 (/opt/ros/humble/share/rmw_implementation_cmake/cmake)
-- Found rmw_fastrtps_cpp: 6.2.7 (/opt/ros/humble/share/rmw_fastrtps_cpp/cmake)
-- Using RMW implementation 'rmw_fastrtps_cpp' as default
-- Found sensor_msgs: 4.8.0 (/opt/ros/humble/share/sensor_msgs/cmake)
-- Found laser_geometry: 2.4.0 (/opt/ros/humble/share/laser_geometry/cmake)
-- Found tf2_ros: 0.25.12 (/opt/ros/humble/share/tf2_ros/cmake)
-- Added test 'cppcheck' to perform static code analysis on C / C++ code
-- Configured cppcheck include dirs: 
-- Configured cppcheck exclude dirs and/or files: 
-- Added test 'flake8' to check Python code syntax and style conventions
-- Added test 'lint_cmake' to check CMake code style
-- Added test 'pep257' to check Python code against some of the docstring style conventions in PEP 257
-- Added test 'uncrustify' to check C / C++ code style
-- Configured uncrustify additional arguments: 
-- Added test 'xmllint' to check XML markup files
-- Configuring done
-- Generating done
-- Build files have been written to: /home/vince/Documents/school/mit/2025sp-turboslam/backend/build/tilt_lidar_node
[35m[1mConsolidate compiler generated dependencies of target tilt_lidar_node[0m
[ 50%] [32mBuilding CXX object CMakeFiles/tilt_lidar_node.dir/src/tilt_lidar_node.cpp.o[0m
[100%] [32m[1mLinking CXX executable tilt_lidar_node[0m
[100%] Built target tilt_lidar_node
-- Install configuration: ""
-- Installing: /home/vince/Documents/school/mit/2025sp-turboslam/backend/install/tilt_lidar_node/lib/tilt_lidar_node/tilt_lidar_node
-- Set runtime path of "/home/vince/Documents/school/mit/2025sp-turboslam/backend/install/tilt_lidar_node/lib/tilt_lidar_node/tilt_lidar_node" to ""
-- Up-to-date: /home/vince/Documents/school/mit/2025sp-turboslam/backend/install/tilt_lidar_node/share/tilt_lidar_node/launch
-- Up-to-date: /home/vince/Documents/school/mit/2025sp-turboslam/backend/install/tilt_lidar_node/share/tilt_lidar_node/launch/view_tilt_lidar_sim_launch.py
-- Installing: /home/vince/Documents/school/mit/2025sp-turboslam/backend/install/tilt_lidar_node/share/tilt_lidar_node/launch/view_tilt_lidar_launch.py
-- Up-to-date: /home/vince/Documents/school/mit/2025sp-turboslam/backend/install/tilt_lidar_node/share/tilt_lidar_node/rviz
-- Up-to-date: /home/vince/Documents/school/mit/2025sp-turboslam/backend/install/tilt_lidar_node/share/tilt_lidar_node/rviz/view_tilt_lidar.rviz
-- Up-to-date: /home/vince/Documents/school/mit/2025sp-turboslam/backend/install/tilt_lidar_node/share/tilt_lidar_node/bag
-- Up-to-date: /home/vince/Documents/school/mit/2025sp-turboslam/backend/install/tilt_lidar_node/share/tilt_lidar_node/bag/lidar_servo_pcl_slow_10hz_15hz
-- Up-to-date: /home/vince/Documents/school/mit/2025sp-turboslam/backend/install/tilt_lidar_node/share/tilt_lidar_node/bag/lidar_servo_pcl_slow_10hz_15hz/lidar_servo_pcl_slow_10hz_15hz_0.db3
-- Up-to-date: /home/vince/Documents/school/mit/2025sp-turboslam/backend/install/tilt_lidar_node/share/tilt_lidar_node/bag/lidar_servo_pcl_slow_10hz_15hz/metadata.yaml
-- Up-to-date: /home/vince/Documents/school/mit/2025sp-turboslam/backend/install/tilt_lidar_node/share/tilt_lidar_node/bag/lidar_servo_imu_pcl_slow_10hz_5hz_10hz
-- Installing: /home/vince/Documents/school/mit/2025sp-turboslam/backend/install/tilt_lidar_node/share/tilt_lidar_node/bag/lidar_servo_imu_pcl_slow_10hz_5hz_10hz/lidar_servo_imu_pcl_slow_10hz_5hz_10hz_0.db3
-- Installing: /home/vince/Documents/school/mit/2025sp-turboslam/backend/install/tilt_lidar_node/share/tilt_lidar_node/bag/lidar_servo_imu_pcl_slow_10hz_5hz_10hz/metadata.yaml
-- Up-to-date: /home/vince/Documents/school/mit/2025sp-turboslam/backend/install/tilt_lidar_node/share/tilt_lidar_node/bag/subset
-- Up-to-date: /home/vince/Documents/school/mit/2025sp-turboslam/backend/install/tilt_lidar_node/share/tilt_lidar_node/bag/subset/subset_0.db3
-- Up-to-date: /home/vince/Documents/school/mit/2025sp-turboslam/backend/install/tilt_lidar_node/share/tilt_lidar_node/bag/subset/metadata.yaml
-- Installing: /home/vince/Documents/school/mit/2025sp-turboslam/backend/install/tilt_lidar_node/share/tilt_lidar_node/bag/lidarServo
-- Installing: /home/vince/Documents/school/mit/2025sp-turboslam/backend/install/tilt_lidar_node/share/tilt_lidar_node/bag/lidarServo/myMap.simplemap
-- Installing: /home/vince/Documents/school/mit/2025sp-turboslam/backend/install/tilt_lidar_node/share/tilt_lidar_node/bag/lidarServo/metadata.yaml
-- Installing: /home/vince/Documents/school/mit/2025sp-turboslam/backend/install/tilt_lidar_node/share/tilt_lidar_node/bag/lidarServo/lidarServo_0.db3
-- Up-to-date: /home/vince/Documents/school/mit/2025sp-turboslam/backend/install/tilt_lidar_node/share/ament_index/resource_index/package_run_dependencies/tilt_lidar_node
-- Up-to-date: /home/vince/Documents/school/mit/2025sp-turboslam/backend/install/tilt_lidar_node/share/ament_index/resource_index/parent_prefix_path/tilt_lidar_node
-- Installing: /home/vince/Documents/school/mit/2025sp-turboslam/backend/install/tilt_lidar_node/share/tilt_lidar_node/environment/ament_prefix_path.sh
-- Installing: /home/vince/Documents/school/mit/2025sp-turboslam/backend/install/tilt_lidar_node/share/tilt_lidar_node/environment/ament_prefix_path.dsv
-- Installing: /home/vince/Documents/school/mit/2025sp-turboslam/backend/install/tilt_lidar_node/share/tilt_lidar_node/environment/path.sh
-- Installing: /home/vince/Documents/school/mit/2025sp-turboslam/backend/install/tilt_lidar_node/share/tilt_lidar_node/environment/path.dsv
-- Up-to-date: /home/vince/Documents/school/mit/2025sp-turboslam/backend/install/tilt_lidar_node/share/tilt_lidar_node/local_setup.bash
-- Up-to-date: /home/vince/Documents/school/mit/2025sp-turboslam/backend/install/tilt_lidar_node/share/tilt_lidar_node/local_setup.sh
-- Up-to-date: /home/vince/Documents/school/mit/2025sp-turboslam/backend/install/tilt_lidar_node/share/tilt_lidar_node/local_setup.zsh
-- Installing: /home/vince/Documents/school/mit/2025sp-turboslam/backend/install/tilt_lidar_node/share/tilt_lidar_node/local_setup.dsv
-- Installing: /home/vince/Documents/school/mit/2025sp-turboslam/backend/install/tilt_lidar_node/share/tilt_lidar_node/package.dsv
-- Up-to-date: /home/vince/Documents/school/mit/2025sp-turboslam/backend/install/tilt_lidar_node/share/ament_index/resource_index/packages/tilt_lidar_node
-- Up-to-date: /home/vince/Documents/school/mit/2025sp-turboslam/backend/install/tilt_lidar_node/share/tilt_lidar_node/cmake/tilt_lidar_nodeConfig.cmake
-- Up-to-date: /home/vince/Documents/school/mit/2025sp-turboslam/backend/install/tilt_lidar_node/share/tilt_lidar_node/cmake/tilt_lidar_nodeConfig-version.cmake
-- Installing: /home/vince/Documents/school/mit/2025sp-turboslam/backend/install/tilt_lidar_node/share/tilt_lidar_node/package.xml
