[0.087s] DEBUG:colcon:Command line arguments: ['/usr/bin/colcon', 'build', '--packages-select', 'tilt_lidar_node']
[0.087s] DEBUG:colcon:Parsed command line arguments: Namespace(log_base=None, log_level=None, verb_name='build', build_base='build', install_base='install', merge_install=False, symlink_install=False, test_result_base=None, continue_on_error=False, executor='parallel', parallel_workers=8, event_handlers=None, ignore_user_meta=False, metas=['./colcon.meta'], base_paths=['.'], packages_ignore=None, packages_ignore_regex=None, paths=None, packages_up_to=None, packages_up_to_regex=None, packages_above=None, packages_above_and_dependencies=None, packages_above_depth=None, packages_select_by_dep=None, packages_skip_by_dep=None, packages_skip_up_to=None, packages_select_build_failed=False, packages_skip_build_finished=False, packages_select_test_failures=False, packages_skip_test_passed=False, packages_select=['tilt_lidar_node'], packages_skip=None, packages_select_regex=None, packages_skip_regex=None, packages_start=None, packages_end=None, allow_overriding=[], cmake_args=None, cmake_target=None, cmake_target_skip_unavailable=False, cmake_clean_cache=False, cmake_clean_first=False, cmake_force_configure=False, ament_cmake_args=None, catkin_cmake_args=None, catkin_skip_building_tests=False, verb_parser=<colcon_defaults.argument_parser.defaults.DefaultArgumentsDecorator object at 0x721319fa1630>, verb_extension=<colcon_core.verb.build.BuildVerb object at 0x72131a0b7460>, main=<bound method BuildVerb.main of <colcon_core.verb.build.BuildVerb object at 0x72131a0b7460>>)
[0.280s] Level 1:colcon.colcon_core.package_discovery:discover_packages(colcon_meta) check parameters
[0.281s] Level 1:colcon.colcon_core.package_discovery:discover_packages(recursive) check parameters
[0.281s] Level 1:colcon.colcon_core.package_discovery:discover_packages(ignore) check parameters
[0.281s] Level 1:colcon.colcon_core.package_discovery:discover_packages(path) check parameters
[0.281s] Level 1:colcon.colcon_core.package_discovery:discover_packages(colcon_meta) discover
[0.281s] Level 1:colcon.colcon_core.package_discovery:discover_packages(recursive) discover
[0.281s] INFO:colcon.colcon_core.package_discovery:Crawling recursively for packages in '/home/vince/Documents/school/mit/2025sp-turboslam/backend'
[0.281s] Level 1:colcon.colcon_core.package_identification:_identify(.) by extensions ['ignore', 'ignore_ament_install']
[0.281s] Level 1:colcon.colcon_core.package_identification:_identify(.) by extension 'ignore'
[0.281s] Level 1:colcon.colcon_core.package_identification:_identify(.) by extension 'ignore_ament_install'
[0.281s] Level 1:colcon.colcon_core.package_identification:_identify(.) by extensions ['colcon_pkg']
[0.281s] Level 1:colcon.colcon_core.package_identification:_identify(.) by extension 'colcon_pkg'
[0.281s] Level 1:colcon.colcon_core.package_identification:_identify(.) by extensions ['colcon_meta']
[0.281s] Level 1:colcon.colcon_core.package_identification:_identify(.) by extension 'colcon_meta'
[0.281s] Level 1:colcon.colcon_core.package_identification:_identify(.) by extensions ['ros']
[0.281s] Level 1:colcon.colcon_core.package_identification:_identify(.) by extension 'ros'
[0.289s] Level 1:colcon.colcon_core.package_identification:_identify(.) by extensions ['cmake', 'python']
[0.289s] Level 1:colcon.colcon_core.package_identification:_identify(.) by extension 'cmake'
[0.289s] Level 1:colcon.colcon_core.package_identification:_identify(.) by extension 'python'
[0.289s] Level 1:colcon.colcon_core.package_identification:_identify(.) by extensions ['python_setup_py']
[0.289s] Level 1:colcon.colcon_core.package_identification:_identify(.) by extension 'python_setup_py'
[0.289s] Level 1:colcon.colcon_core.package_identification:_identify(bag_files) by extensions ['ignore', 'ignore_ament_install']
[0.289s] Level 1:colcon.colcon_core.package_identification:_identify(bag_files) by extension 'ignore'
[0.289s] Level 1:colcon.colcon_core.package_identification:_identify(bag_files) by extension 'ignore_ament_install'
[0.290s] Level 1:colcon.colcon_core.package_identification:_identify(bag_files) by extensions ['colcon_pkg']
[0.290s] Level 1:colcon.colcon_core.package_identification:_identify(bag_files) by extension 'colcon_pkg'
[0.290s] Level 1:colcon.colcon_core.package_identification:_identify(bag_files) by extensions ['colcon_meta']
[0.290s] Level 1:colcon.colcon_core.package_identification:_identify(bag_files) by extension 'colcon_meta'
[0.290s] Level 1:colcon.colcon_core.package_identification:_identify(bag_files) by extensions ['ros']
[0.290s] Level 1:colcon.colcon_core.package_identification:_identify(bag_files) by extension 'ros'
[0.290s] Level 1:colcon.colcon_core.package_identification:_identify(bag_files) by extensions ['cmake', 'python']
[0.290s] Level 1:colcon.colcon_core.package_identification:_identify(bag_files) by extension 'cmake'
[0.290s] Level 1:colcon.colcon_core.package_identification:_identify(bag_files) by extension 'python'
[0.290s] Level 1:colcon.colcon_core.package_identification:_identify(bag_files) by extensions ['python_setup_py']
[0.290s] Level 1:colcon.colcon_core.package_identification:_identify(bag_files) by extension 'python_setup_py'
[0.290s] Level 1:colcon.colcon_core.package_identification:_identify(bag_files/lidar_imu_servo_ultrasonic) by extensions ['ignore', 'ignore_ament_install']
[0.290s] Level 1:colcon.colcon_core.package_identification:_identify(bag_files/lidar_imu_servo_ultrasonic) by extension 'ignore'
[0.290s] Level 1:colcon.colcon_core.package_identification:_identify(bag_files/lidar_imu_servo_ultrasonic) by extension 'ignore_ament_install'
[0.290s] Level 1:colcon.colcon_core.package_identification:_identify(bag_files/lidar_imu_servo_ultrasonic) by extensions ['colcon_pkg']
[0.290s] Level 1:colcon.colcon_core.package_identification:_identify(bag_files/lidar_imu_servo_ultrasonic) by extension 'colcon_pkg'
[0.290s] Level 1:colcon.colcon_core.package_identification:_identify(bag_files/lidar_imu_servo_ultrasonic) by extensions ['colcon_meta']
[0.290s] Level 1:colcon.colcon_core.package_identification:_identify(bag_files/lidar_imu_servo_ultrasonic) by extension 'colcon_meta'
[0.290s] Level 1:colcon.colcon_core.package_identification:_identify(bag_files/lidar_imu_servo_ultrasonic) by extensions ['ros']
[0.290s] Level 1:colcon.colcon_core.package_identification:_identify(bag_files/lidar_imu_servo_ultrasonic) by extension 'ros'
[0.290s] Level 1:colcon.colcon_core.package_identification:_identify(bag_files/lidar_imu_servo_ultrasonic) by extensions ['cmake', 'python']
[0.290s] Level 1:colcon.colcon_core.package_identification:_identify(bag_files/lidar_imu_servo_ultrasonic) by extension 'cmake'
[0.290s] Level 1:colcon.colcon_core.package_identification:_identify(bag_files/lidar_imu_servo_ultrasonic) by extension 'python'
[0.290s] Level 1:colcon.colcon_core.package_identification:_identify(bag_files/lidar_imu_servo_ultrasonic) by extensions ['python_setup_py']
[0.290s] Level 1:colcon.colcon_core.package_identification:_identify(bag_files/lidar_imu_servo_ultrasonic) by extension 'python_setup_py'
[0.290s] Level 1:colcon.colcon_core.package_identification:_identify(bag_files/lidar_scan) by extensions ['ignore', 'ignore_ament_install']
[0.290s] Level 1:colcon.colcon_core.package_identification:_identify(bag_files/lidar_scan) by extension 'ignore'
[0.290s] Level 1:colcon.colcon_core.package_identification:_identify(bag_files/lidar_scan) by extension 'ignore_ament_install'
[0.290s] Level 1:colcon.colcon_core.package_identification:_identify(bag_files/lidar_scan) by extensions ['colcon_pkg']
[0.290s] Level 1:colcon.colcon_core.package_identification:_identify(bag_files/lidar_scan) by extension 'colcon_pkg'
[0.290s] Level 1:colcon.colcon_core.package_identification:_identify(bag_files/lidar_scan) by extensions ['colcon_meta']
[0.290s] Level 1:colcon.colcon_core.package_identification:_identify(bag_files/lidar_scan) by extension 'colcon_meta'
[0.290s] Level 1:colcon.colcon_core.package_identification:_identify(bag_files/lidar_scan) by extensions ['ros']
[0.290s] Level 1:colcon.colcon_core.package_identification:_identify(bag_files/lidar_scan) by extension 'ros'
[0.290s] Level 1:colcon.colcon_core.package_identification:_identify(bag_files/lidar_scan) by extensions ['cmake', 'python']
[0.290s] Level 1:colcon.colcon_core.package_identification:_identify(bag_files/lidar_scan) by extension 'cmake'
[0.290s] Level 1:colcon.colcon_core.package_identification:_identify(bag_files/lidar_scan) by extension 'python'
[0.290s] Level 1:colcon.colcon_core.package_identification:_identify(bag_files/lidar_scan) by extensions ['python_setup_py']
[0.290s] Level 1:colcon.colcon_core.package_identification:_identify(bag_files/lidar_scan) by extension 'python_setup_py'
[0.291s] Level 1:colcon.colcon_core.package_identification:_identify(bag_files/lidar_scan_microros) by extensions ['ignore', 'ignore_ament_install']
[0.291s] Level 1:colcon.colcon_core.package_identification:_identify(bag_files/lidar_scan_microros) by extension 'ignore'
[0.291s] Level 1:colcon.colcon_core.package_identification:_identify(bag_files/lidar_scan_microros) by extension 'ignore_ament_install'
[0.291s] Level 1:colcon.colcon_core.package_identification:_identify(bag_files/lidar_scan_microros) by extensions ['colcon_pkg']
[0.291s] Level 1:colcon.colcon_core.package_identification:_identify(bag_files/lidar_scan_microros) by extension 'colcon_pkg'
[0.291s] Level 1:colcon.colcon_core.package_identification:_identify(bag_files/lidar_scan_microros) by extensions ['colcon_meta']
[0.291s] Level 1:colcon.colcon_core.package_identification:_identify(bag_files/lidar_scan_microros) by extension 'colcon_meta'
[0.291s] Level 1:colcon.colcon_core.package_identification:_identify(bag_files/lidar_scan_microros) by extensions ['ros']
[0.291s] Level 1:colcon.colcon_core.package_identification:_identify(bag_files/lidar_scan_microros) by extension 'ros'
[0.291s] Level 1:colcon.colcon_core.package_identification:_identify(bag_files/lidar_scan_microros) by extensions ['cmake', 'python']
[0.291s] Level 1:colcon.colcon_core.package_identification:_identify(bag_files/lidar_scan_microros) by extension 'cmake'
[0.291s] Level 1:colcon.colcon_core.package_identification:_identify(bag_files/lidar_scan_microros) by extension 'python'
[0.291s] Level 1:colcon.colcon_core.package_identification:_identify(bag_files/lidar_scan_microros) by extensions ['python_setup_py']
[0.291s] Level 1:colcon.colcon_core.package_identification:_identify(bag_files/lidar_scan_microros) by extension 'python_setup_py'
[0.291s] Level 1:colcon.colcon_core.package_identification:_identify(bag_files/lidar_servoAngle_2.5hz_5hz) by extensions ['ignore', 'ignore_ament_install']
[0.291s] Level 1:colcon.colcon_core.package_identification:_identify(bag_files/lidar_servoAngle_2.5hz_5hz) by extension 'ignore'
[0.291s] Level 1:colcon.colcon_core.package_identification:_identify(bag_files/lidar_servoAngle_2.5hz_5hz) by extension 'ignore_ament_install'
[0.291s] Level 1:colcon.colcon_core.package_identification:_identify(bag_files/lidar_servoAngle_2.5hz_5hz) by extensions ['colcon_pkg']
[0.291s] Level 1:colcon.colcon_core.package_identification:_identify(bag_files/lidar_servoAngle_2.5hz_5hz) by extension 'colcon_pkg'
[0.291s] Level 1:colcon.colcon_core.package_identification:_identify(bag_files/lidar_servoAngle_2.5hz_5hz) by extensions ['colcon_meta']
[0.291s] Level 1:colcon.colcon_core.package_identification:_identify(bag_files/lidar_servoAngle_2.5hz_5hz) by extension 'colcon_meta'
[0.291s] Level 1:colcon.colcon_core.package_identification:_identify(bag_files/lidar_servoAngle_2.5hz_5hz) by extensions ['ros']
[0.291s] Level 1:colcon.colcon_core.package_identification:_identify(bag_files/lidar_servoAngle_2.5hz_5hz) by extension 'ros'
[0.291s] Level 1:colcon.colcon_core.package_identification:_identify(bag_files/lidar_servoAngle_2.5hz_5hz) by extensions ['cmake', 'python']
[0.291s] Level 1:colcon.colcon_core.package_identification:_identify(bag_files/lidar_servoAngle_2.5hz_5hz) by extension 'cmake'
[0.291s] Level 1:colcon.colcon_core.package_identification:_identify(bag_files/lidar_servoAngle_2.5hz_5hz) by extension 'python'
[0.291s] Level 1:colcon.colcon_core.package_identification:_identify(bag_files/lidar_servoAngle_2.5hz_5hz) by extensions ['python_setup_py']
[0.291s] Level 1:colcon.colcon_core.package_identification:_identify(bag_files/lidar_servoAngle_2.5hz_5hz) by extension 'python_setup_py'
[0.291s] Level 1:colcon.colcon_core.package_identification:_identify(bag_files/lidar_servoAngle_imu_3hz_8hz_8hz) by extensions ['ignore', 'ignore_ament_install']
[0.291s] Level 1:colcon.colcon_core.package_identification:_identify(bag_files/lidar_servoAngle_imu_3hz_8hz_8hz) by extension 'ignore'
[0.291s] Level 1:colcon.colcon_core.package_identification:_identify(bag_files/lidar_servoAngle_imu_3hz_8hz_8hz) by extension 'ignore_ament_install'
[0.291s] Level 1:colcon.colcon_core.package_identification:_identify(bag_files/lidar_servoAngle_imu_3hz_8hz_8hz) by extensions ['colcon_pkg']
[0.291s] Level 1:colcon.colcon_core.package_identification:_identify(bag_files/lidar_servoAngle_imu_3hz_8hz_8hz) by extension 'colcon_pkg'
[0.291s] Level 1:colcon.colcon_core.package_identification:_identify(bag_files/lidar_servoAngle_imu_3hz_8hz_8hz) by extensions ['colcon_meta']
[0.291s] Level 1:colcon.colcon_core.package_identification:_identify(bag_files/lidar_servoAngle_imu_3hz_8hz_8hz) by extension 'colcon_meta'
[0.291s] Level 1:colcon.colcon_core.package_identification:_identify(bag_files/lidar_servoAngle_imu_3hz_8hz_8hz) by extensions ['ros']
[0.291s] Level 1:colcon.colcon_core.package_identification:_identify(bag_files/lidar_servoAngle_imu_3hz_8hz_8hz) by extension 'ros'
[0.291s] Level 1:colcon.colcon_core.package_identification:_identify(bag_files/lidar_servoAngle_imu_3hz_8hz_8hz) by extensions ['cmake', 'python']
[0.291s] Level 1:colcon.colcon_core.package_identification:_identify(bag_files/lidar_servoAngle_imu_3hz_8hz_8hz) by extension 'cmake'
[0.291s] Level 1:colcon.colcon_core.package_identification:_identify(bag_files/lidar_servoAngle_imu_3hz_8hz_8hz) by extension 'python'
[0.292s] Level 1:colcon.colcon_core.package_identification:_identify(bag_files/lidar_servoAngle_imu_3hz_8hz_8hz) by extensions ['python_setup_py']
[0.292s] Level 1:colcon.colcon_core.package_identification:_identify(bag_files/lidar_servoAngle_imu_3hz_8hz_8hz) by extension 'python_setup_py'
[0.292s] Level 1:colcon.colcon_core.package_identification:_identify(bag_files/lidar_servo_pcl_10hz_20hz) by extensions ['ignore', 'ignore_ament_install']
[0.292s] Level 1:colcon.colcon_core.package_identification:_identify(bag_files/lidar_servo_pcl_10hz_20hz) by extension 'ignore'
[0.292s] Level 1:colcon.colcon_core.package_identification:_identify(bag_files/lidar_servo_pcl_10hz_20hz) by extension 'ignore_ament_install'
[0.292s] Level 1:colcon.colcon_core.package_identification:_identify(bag_files/lidar_servo_pcl_10hz_20hz) by extensions ['colcon_pkg']
[0.292s] Level 1:colcon.colcon_core.package_identification:_identify(bag_files/lidar_servo_pcl_10hz_20hz) by extension 'colcon_pkg'
[0.292s] Level 1:colcon.colcon_core.package_identification:_identify(bag_files/lidar_servo_pcl_10hz_20hz) by extensions ['colcon_meta']
[0.292s] Level 1:colcon.colcon_core.package_identification:_identify(bag_files/lidar_servo_pcl_10hz_20hz) by extension 'colcon_meta'
[0.292s] Level 1:colcon.colcon_core.package_identification:_identify(bag_files/lidar_servo_pcl_10hz_20hz) by extensions ['ros']
[0.292s] Level 1:colcon.colcon_core.package_identification:_identify(bag_files/lidar_servo_pcl_10hz_20hz) by extension 'ros'
[0.292s] Level 1:colcon.colcon_core.package_identification:_identify(bag_files/lidar_servo_pcl_10hz_20hz) by extensions ['cmake', 'python']
[0.292s] Level 1:colcon.colcon_core.package_identification:_identify(bag_files/lidar_servo_pcl_10hz_20hz) by extension 'cmake'
[0.292s] Level 1:colcon.colcon_core.package_identification:_identify(bag_files/lidar_servo_pcl_10hz_20hz) by extension 'python'
[0.292s] Level 1:colcon.colcon_core.package_identification:_identify(bag_files/lidar_servo_pcl_10hz_20hz) by extensions ['python_setup_py']
[0.292s] Level 1:colcon.colcon_core.package_identification:_identify(bag_files/lidar_servo_pcl_10hz_20hz) by extension 'python_setup_py'
[0.292s] Level 1:colcon.colcon_core.package_identification:_identify(bag_files/lidar_servo_pcl_slow_10hz_15hz) by extensions ['ignore', 'ignore_ament_install']
[0.292s] Level 1:colcon.colcon_core.package_identification:_identify(bag_files/lidar_servo_pcl_slow_10hz_15hz) by extension 'ignore'
[0.292s] Level 1:colcon.colcon_core.package_identification:_identify(bag_files/lidar_servo_pcl_slow_10hz_15hz) by extension 'ignore_ament_install'
[0.292s] Level 1:colcon.colcon_core.package_identification:_identify(bag_files/lidar_servo_pcl_slow_10hz_15hz) by extensions ['colcon_pkg']
[0.292s] Level 1:colcon.colcon_core.package_identification:_identify(bag_files/lidar_servo_pcl_slow_10hz_15hz) by extension 'colcon_pkg'
[0.292s] Level 1:colcon.colcon_core.package_identification:_identify(bag_files/lidar_servo_pcl_slow_10hz_15hz) by extensions ['colcon_meta']
[0.292s] Level 1:colcon.colcon_core.package_identification:_identify(bag_files/lidar_servo_pcl_slow_10hz_15hz) by extension 'colcon_meta'
[0.292s] Level 1:colcon.colcon_core.package_identification:_identify(bag_files/lidar_servo_pcl_slow_10hz_15hz) by extensions ['ros']
[0.292s] Level 1:colcon.colcon_core.package_identification:_identify(bag_files/lidar_servo_pcl_slow_10hz_15hz) by extension 'ros'
[0.292s] Level 1:colcon.colcon_core.package_identification:_identify(bag_files/lidar_servo_pcl_slow_10hz_15hz) by extensions ['cmake', 'python']
[0.292s] Level 1:colcon.colcon_core.package_identification:_identify(bag_files/lidar_servo_pcl_slow_10hz_15hz) by extension 'cmake'
[0.292s] Level 1:colcon.colcon_core.package_identification:_identify(bag_files/lidar_servo_pcl_slow_10hz_15hz) by extension 'python'
[0.292s] Level 1:colcon.colcon_core.package_identification:_identify(bag_files/lidar_servo_pcl_slow_10hz_15hz) by extensions ['python_setup_py']
[0.292s] Level 1:colcon.colcon_core.package_identification:_identify(bag_files/lidar_servo_pcl_slow_10hz_15hz) by extension 'python_setup_py'
[0.292s] Level 1:colcon.colcon_core.package_identification:_identify(bag_files/subset) by extensions ['ignore', 'ignore_ament_install']
[0.292s] Level 1:colcon.colcon_core.package_identification:_identify(bag_files/subset) by extension 'ignore'
[0.292s] Level 1:colcon.colcon_core.package_identification:_identify(bag_files/subset) by extension 'ignore_ament_install'
[0.292s] Level 1:colcon.colcon_core.package_identification:_identify(bag_files/subset) by extensions ['colcon_pkg']
[0.292s] Level 1:colcon.colcon_core.package_identification:_identify(bag_files/subset) by extension 'colcon_pkg'
[0.292s] Level 1:colcon.colcon_core.package_identification:_identify(bag_files/subset) by extensions ['colcon_meta']
[0.292s] Level 1:colcon.colcon_core.package_identification:_identify(bag_files/subset) by extension 'colcon_meta'
[0.292s] Level 1:colcon.colcon_core.package_identification:_identify(bag_files/subset) by extensions ['ros']
[0.292s] Level 1:colcon.colcon_core.package_identification:_identify(bag_files/subset) by extension 'ros'
[0.293s] Level 1:colcon.colcon_core.package_identification:_identify(bag_files/subset) by extensions ['cmake', 'python']
[0.293s] Level 1:colcon.colcon_core.package_identification:_identify(bag_files/subset) by extension 'cmake'
[0.293s] Level 1:colcon.colcon_core.package_identification:_identify(bag_files/subset) by extension 'python'
[0.293s] Level 1:colcon.colcon_core.package_identification:_identify(bag_files/subset) by extensions ['python_setup_py']
[0.293s] Level 1:colcon.colcon_core.package_identification:_identify(bag_files/subset) by extension 'python_setup_py'
[0.293s] Level 1:colcon.colcon_core.package_identification:_identify(build) by extensions ['ignore', 'ignore_ament_install']
[0.293s] Level 1:colcon.colcon_core.package_identification:_identify(build) by extension 'ignore'
[0.293s] Level 1:colcon.colcon_core.package_identification:_identify(build) ignored
[0.293s] Level 1:colcon.colcon_core.package_identification:_identify(install) by extensions ['ignore', 'ignore_ament_install']
[0.293s] Level 1:colcon.colcon_core.package_identification:_identify(install) by extension 'ignore'
[0.293s] Level 1:colcon.colcon_core.package_identification:_identify(install) ignored
[0.293s] Level 1:colcon.colcon_core.package_identification:_identify(log) by extensions ['ignore', 'ignore_ament_install']
[0.293s] Level 1:colcon.colcon_core.package_identification:_identify(log) by extension 'ignore'
[0.293s] Level 1:colcon.colcon_core.package_identification:_identify(log) ignored
[0.293s] Level 1:colcon.colcon_core.package_identification:_identify(models) by extensions ['ignore', 'ignore_ament_install']
[0.293s] Level 1:colcon.colcon_core.package_identification:_identify(models) by extension 'ignore'
[0.293s] Level 1:colcon.colcon_core.package_identification:_identify(models) by extension 'ignore_ament_install'
[0.293s] Level 1:colcon.colcon_core.package_identification:_identify(models) by extensions ['colcon_pkg']
[0.293s] Level 1:colcon.colcon_core.package_identification:_identify(models) by extension 'colcon_pkg'
[0.293s] Level 1:colcon.colcon_core.package_identification:_identify(models) by extensions ['colcon_meta']
[0.293s] Level 1:colcon.colcon_core.package_identification:_identify(models) by extension 'colcon_meta'
[0.293s] Level 1:colcon.colcon_core.package_identification:_identify(models) by extensions ['ros']
[0.293s] Level 1:colcon.colcon_core.package_identification:_identify(models) by extension 'ros'
[0.293s] Level 1:colcon.colcon_core.package_identification:_identify(models) by extensions ['cmake', 'python']
[0.293s] Level 1:colcon.colcon_core.package_identification:_identify(models) by extension 'cmake'
[0.293s] Level 1:colcon.colcon_core.package_identification:_identify(models) by extension 'python'
[0.293s] Level 1:colcon.colcon_core.package_identification:_identify(models) by extensions ['python_setup_py']
[0.293s] Level 1:colcon.colcon_core.package_identification:_identify(models) by extension 'python_setup_py'
[0.293s] Level 1:colcon.colcon_core.package_identification:_identify(models/brick_box_3x1x3) by extensions ['ignore', 'ignore_ament_install']
[0.293s] Level 1:colcon.colcon_core.package_identification:_identify(models/brick_box_3x1x3) by extension 'ignore'
[0.293s] Level 1:colcon.colcon_core.package_identification:_identify(models/brick_box_3x1x3) by extension 'ignore_ament_install'
[0.293s] Level 1:colcon.colcon_core.package_identification:_identify(models/brick_box_3x1x3) by extensions ['colcon_pkg']
[0.293s] Level 1:colcon.colcon_core.package_identification:_identify(models/brick_box_3x1x3) by extension 'colcon_pkg'
[0.293s] Level 1:colcon.colcon_core.package_identification:_identify(models/brick_box_3x1x3) by extensions ['colcon_meta']
[0.293s] Level 1:colcon.colcon_core.package_identification:_identify(models/brick_box_3x1x3) by extension 'colcon_meta'
[0.293s] Level 1:colcon.colcon_core.package_identification:_identify(models/brick_box_3x1x3) by extensions ['ros']
[0.293s] Level 1:colcon.colcon_core.package_identification:_identify(models/brick_box_3x1x3) by extension 'ros'
[0.294s] Level 1:colcon.colcon_core.package_identification:_identify(models/brick_box_3x1x3) by extensions ['cmake', 'python']
[0.294s] Level 1:colcon.colcon_core.package_identification:_identify(models/brick_box_3x1x3) by extension 'cmake'
[0.294s] Level 1:colcon.colcon_core.package_identification:_identify(models/brick_box_3x1x3) by extension 'python'
[0.294s] Level 1:colcon.colcon_core.package_identification:_identify(models/brick_box_3x1x3) by extensions ['python_setup_py']
[0.294s] Level 1:colcon.colcon_core.package_identification:_identify(models/brick_box_3x1x3) by extension 'python_setup_py'
[0.294s] Level 1:colcon.colcon_core.package_identification:_identify(models/brick_box_3x1x3/materials) by extensions ['ignore', 'ignore_ament_install']
[0.294s] Level 1:colcon.colcon_core.package_identification:_identify(models/brick_box_3x1x3/materials) by extension 'ignore'
[0.294s] Level 1:colcon.colcon_core.package_identification:_identify(models/brick_box_3x1x3/materials) by extension 'ignore_ament_install'
[0.294s] Level 1:colcon.colcon_core.package_identification:_identify(models/brick_box_3x1x3/materials) by extensions ['colcon_pkg']
[0.294s] Level 1:colcon.colcon_core.package_identification:_identify(models/brick_box_3x1x3/materials) by extension 'colcon_pkg'
[0.294s] Level 1:colcon.colcon_core.package_identification:_identify(models/brick_box_3x1x3/materials) by extensions ['colcon_meta']
[0.294s] Level 1:colcon.colcon_core.package_identification:_identify(models/brick_box_3x1x3/materials) by extension 'colcon_meta'
[0.294s] Level 1:colcon.colcon_core.package_identification:_identify(models/brick_box_3x1x3/materials) by extensions ['ros']
[0.294s] Level 1:colcon.colcon_core.package_identification:_identify(models/brick_box_3x1x3/materials) by extension 'ros'
[0.294s] Level 1:colcon.colcon_core.package_identification:_identify(models/brick_box_3x1x3/materials) by extensions ['cmake', 'python']
[0.294s] Level 1:colcon.colcon_core.package_identification:_identify(models/brick_box_3x1x3/materials) by extension 'cmake'
[0.294s] Level 1:colcon.colcon_core.package_identification:_identify(models/brick_box_3x1x3/materials) by extension 'python'
[0.294s] Level 1:colcon.colcon_core.package_identification:_identify(models/brick_box_3x1x3/materials) by extensions ['python_setup_py']
[0.294s] Level 1:colcon.colcon_core.package_identification:_identify(models/brick_box_3x1x3/materials) by extension 'python_setup_py'
[0.294s] Level 1:colcon.colcon_core.package_identification:_identify(models/brick_box_3x1x3/materials/scripts) by extensions ['ignore', 'ignore_ament_install']
[0.294s] Level 1:colcon.colcon_core.package_identification:_identify(models/brick_box_3x1x3/materials/scripts) by extension 'ignore'
[0.294s] Level 1:colcon.colcon_core.package_identification:_identify(models/brick_box_3x1x3/materials/scripts) by extension 'ignore_ament_install'
[0.294s] Level 1:colcon.colcon_core.package_identification:_identify(models/brick_box_3x1x3/materials/scripts) by extensions ['colcon_pkg']
[0.294s] Level 1:colcon.colcon_core.package_identification:_identify(models/brick_box_3x1x3/materials/scripts) by extension 'colcon_pkg'
[0.294s] Level 1:colcon.colcon_core.package_identification:_identify(models/brick_box_3x1x3/materials/scripts) by extensions ['colcon_meta']
[0.294s] Level 1:colcon.colcon_core.package_identification:_identify(models/brick_box_3x1x3/materials/scripts) by extension 'colcon_meta'
[0.294s] Level 1:colcon.colcon_core.package_identification:_identify(models/brick_box_3x1x3/materials/scripts) by extensions ['ros']
[0.294s] Level 1:colcon.colcon_core.package_identification:_identify(models/brick_box_3x1x3/materials/scripts) by extension 'ros'
[0.294s] Level 1:colcon.colcon_core.package_identification:_identify(models/brick_box_3x1x3/materials/scripts) by extensions ['cmake', 'python']
[0.294s] Level 1:colcon.colcon_core.package_identification:_identify(models/brick_box_3x1x3/materials/scripts) by extension 'cmake'
[0.294s] Level 1:colcon.colcon_core.package_identification:_identify(models/brick_box_3x1x3/materials/scripts) by extension 'python'
[0.294s] Level 1:colcon.colcon_core.package_identification:_identify(models/brick_box_3x1x3/materials/scripts) by extensions ['python_setup_py']
[0.294s] Level 1:colcon.colcon_core.package_identification:_identify(models/brick_box_3x1x3/materials/scripts) by extension 'python_setup_py'
[0.294s] Level 1:colcon.colcon_core.package_identification:_identify(models/brick_box_3x1x3/materials/textures) by extensions ['ignore', 'ignore_ament_install']
[0.294s] Level 1:colcon.colcon_core.package_identification:_identify(models/brick_box_3x1x3/materials/textures) by extension 'ignore'
[0.294s] Level 1:colcon.colcon_core.package_identification:_identify(models/brick_box_3x1x3/materials/textures) by extension 'ignore_ament_install'
[0.294s] Level 1:colcon.colcon_core.package_identification:_identify(models/brick_box_3x1x3/materials/textures) by extensions ['colcon_pkg']
[0.294s] Level 1:colcon.colcon_core.package_identification:_identify(models/brick_box_3x1x3/materials/textures) by extension 'colcon_pkg'
[0.294s] Level 1:colcon.colcon_core.package_identification:_identify(models/brick_box_3x1x3/materials/textures) by extensions ['colcon_meta']
[0.295s] Level 1:colcon.colcon_core.package_identification:_identify(models/brick_box_3x1x3/materials/textures) by extension 'colcon_meta'
[0.295s] Level 1:colcon.colcon_core.package_identification:_identify(models/brick_box_3x1x3/materials/textures) by extensions ['ros']
[0.295s] Level 1:colcon.colcon_core.package_identification:_identify(models/brick_box_3x1x3/materials/textures) by extension 'ros'
[0.295s] Level 1:colcon.colcon_core.package_identification:_identify(models/brick_box_3x1x3/materials/textures) by extensions ['cmake', 'python']
[0.295s] Level 1:colcon.colcon_core.package_identification:_identify(models/brick_box_3x1x3/materials/textures) by extension 'cmake'
[0.295s] Level 1:colcon.colcon_core.package_identification:_identify(models/brick_box_3x1x3/materials/textures) by extension 'python'
[0.295s] Level 1:colcon.colcon_core.package_identification:_identify(models/brick_box_3x1x3/materials/textures) by extensions ['python_setup_py']
[0.295s] Level 1:colcon.colcon_core.package_identification:_identify(models/brick_box_3x1x3/materials/textures) by extension 'python_setup_py'
[0.295s] Level 1:colcon.colcon_core.package_identification:_identify(models/brick_box_3x1x3/meshes) by extensions ['ignore', 'ignore_ament_install']
[0.295s] Level 1:colcon.colcon_core.package_identification:_identify(models/brick_box_3x1x3/meshes) by extension 'ignore'
[0.295s] Level 1:colcon.colcon_core.package_identification:_identify(models/brick_box_3x1x3/meshes) by extension 'ignore_ament_install'
[0.295s] Level 1:colcon.colcon_core.package_identification:_identify(models/brick_box_3x1x3/meshes) by extensions ['colcon_pkg']
[0.295s] Level 1:colcon.colcon_core.package_identification:_identify(models/brick_box_3x1x3/meshes) by extension 'colcon_pkg'
[0.295s] Level 1:colcon.colcon_core.package_identification:_identify(models/brick_box_3x1x3/meshes) by extensions ['colcon_meta']
[0.295s] Level 1:colcon.colcon_core.package_identification:_identify(models/brick_box_3x1x3/meshes) by extension 'colcon_meta'
[0.295s] Level 1:colcon.colcon_core.package_identification:_identify(models/brick_box_3x1x3/meshes) by extensions ['ros']
[0.295s] Level 1:colcon.colcon_core.package_identification:_identify(models/brick_box_3x1x3/meshes) by extension 'ros'
[0.295s] Level 1:colcon.colcon_core.package_identification:_identify(models/brick_box_3x1x3/meshes) by extensions ['cmake', 'python']
[0.295s] Level 1:colcon.colcon_core.package_identification:_identify(models/brick_box_3x1x3/meshes) by extension 'cmake'
[0.295s] Level 1:colcon.colcon_core.package_identification:_identify(models/brick_box_3x1x3/meshes) by extension 'python'
[0.295s] Level 1:colcon.colcon_core.package_identification:_identify(models/brick_box_3x1x3/meshes) by extensions ['python_setup_py']
[0.295s] Level 1:colcon.colcon_core.package_identification:_identify(models/brick_box_3x1x3/meshes) by extension 'python_setup_py'
[0.295s] Level 1:colcon.colcon_core.package_identification:_identify(models/construction_barrel) by extensions ['ignore', 'ignore_ament_install']
[0.295s] Level 1:colcon.colcon_core.package_identification:_identify(models/construction_barrel) by extension 'ignore'
[0.295s] Level 1:colcon.colcon_core.package_identification:_identify(models/construction_barrel) by extension 'ignore_ament_install'
[0.295s] Level 1:colcon.colcon_core.package_identification:_identify(models/construction_barrel) by extensions ['colcon_pkg']
[0.295s] Level 1:colcon.colcon_core.package_identification:_identify(models/construction_barrel) by extension 'colcon_pkg'
[0.295s] Level 1:colcon.colcon_core.package_identification:_identify(models/construction_barrel) by extensions ['colcon_meta']
[0.295s] Level 1:colcon.colcon_core.package_identification:_identify(models/construction_barrel) by extension 'colcon_meta'
[0.295s] Level 1:colcon.colcon_core.package_identification:_identify(models/construction_barrel) by extensions ['ros']
[0.295s] Level 1:colcon.colcon_core.package_identification:_identify(models/construction_barrel) by extension 'ros'
[0.295s] Level 1:colcon.colcon_core.package_identification:_identify(models/construction_barrel) by extensions ['cmake', 'python']
[0.295s] Level 1:colcon.colcon_core.package_identification:_identify(models/construction_barrel) by extension 'cmake'
[0.295s] Level 1:colcon.colcon_core.package_identification:_identify(models/construction_barrel) by extension 'python'
[0.295s] Level 1:colcon.colcon_core.package_identification:_identify(models/construction_barrel) by extensions ['python_setup_py']
[0.295s] Level 1:colcon.colcon_core.package_identification:_identify(models/construction_barrel) by extension 'python_setup_py'
[0.295s] Level 1:colcon.colcon_core.package_identification:_identify(models/construction_barrel/materials) by extensions ['ignore', 'ignore_ament_install']
[0.295s] Level 1:colcon.colcon_core.package_identification:_identify(models/construction_barrel/materials) by extension 'ignore'
[0.295s] Level 1:colcon.colcon_core.package_identification:_identify(models/construction_barrel/materials) by extension 'ignore_ament_install'
[0.296s] Level 1:colcon.colcon_core.package_identification:_identify(models/construction_barrel/materials) by extensions ['colcon_pkg']
[0.296s] Level 1:colcon.colcon_core.package_identification:_identify(models/construction_barrel/materials) by extension 'colcon_pkg'
[0.296s] Level 1:colcon.colcon_core.package_identification:_identify(models/construction_barrel/materials) by extensions ['colcon_meta']
[0.296s] Level 1:colcon.colcon_core.package_identification:_identify(models/construction_barrel/materials) by extension 'colcon_meta'
[0.296s] Level 1:colcon.colcon_core.package_identification:_identify(models/construction_barrel/materials) by extensions ['ros']
[0.296s] Level 1:colcon.colcon_core.package_identification:_identify(models/construction_barrel/materials) by extension 'ros'
[0.296s] Level 1:colcon.colcon_core.package_identification:_identify(models/construction_barrel/materials) by extensions ['cmake', 'python']
[0.296s] Level 1:colcon.colcon_core.package_identification:_identify(models/construction_barrel/materials) by extension 'cmake'
[0.296s] Level 1:colcon.colcon_core.package_identification:_identify(models/construction_barrel/materials) by extension 'python'
[0.296s] Level 1:colcon.colcon_core.package_identification:_identify(models/construction_barrel/materials) by extensions ['python_setup_py']
[0.296s] Level 1:colcon.colcon_core.package_identification:_identify(models/construction_barrel/materials) by extension 'python_setup_py'
[0.296s] Level 1:colcon.colcon_core.package_identification:_identify(models/construction_barrel/materials/textures) by extensions ['ignore', 'ignore_ament_install']
[0.296s] Level 1:colcon.colcon_core.package_identification:_identify(models/construction_barrel/materials/textures) by extension 'ignore'
[0.296s] Level 1:colcon.colcon_core.package_identification:_identify(models/construction_barrel/materials/textures) by extension 'ignore_ament_install'
[0.296s] Level 1:colcon.colcon_core.package_identification:_identify(models/construction_barrel/materials/textures) by extensions ['colcon_pkg']
[0.296s] Level 1:colcon.colcon_core.package_identification:_identify(models/construction_barrel/materials/textures) by extension 'colcon_pkg'
[0.296s] Level 1:colcon.colcon_core.package_identification:_identify(models/construction_barrel/materials/textures) by extensions ['colcon_meta']
[0.296s] Level 1:colcon.colcon_core.package_identification:_identify(models/construction_barrel/materials/textures) by extension 'colcon_meta'
[0.296s] Level 1:colcon.colcon_core.package_identification:_identify(models/construction_barrel/materials/textures) by extensions ['ros']
[0.296s] Level 1:colcon.colcon_core.package_identification:_identify(models/construction_barrel/materials/textures) by extension 'ros'
[0.296s] Level 1:colcon.colcon_core.package_identification:_identify(models/construction_barrel/materials/textures) by extensions ['cmake', 'python']
[0.296s] Level 1:colcon.colcon_core.package_identification:_identify(models/construction_barrel/materials/textures) by extension 'cmake'
[0.296s] Level 1:colcon.colcon_core.package_identification:_identify(models/construction_barrel/materials/textures) by extension 'python'
[0.296s] Level 1:colcon.colcon_core.package_identification:_identify(models/construction_barrel/materials/textures) by extensions ['python_setup_py']
[0.296s] Level 1:colcon.colcon_core.package_identification:_identify(models/construction_barrel/materials/textures) by extension 'python_setup_py'
[0.296s] Level 1:colcon.colcon_core.package_identification:_identify(models/construction_barrel/meshes) by extensions ['ignore', 'ignore_ament_install']
[0.296s] Level 1:colcon.colcon_core.package_identification:_identify(models/construction_barrel/meshes) by extension 'ignore'
[0.296s] Level 1:colcon.colcon_core.package_identification:_identify(models/construction_barrel/meshes) by extension 'ignore_ament_install'
[0.296s] Level 1:colcon.colcon_core.package_identification:_identify(models/construction_barrel/meshes) by extensions ['colcon_pkg']
[0.296s] Level 1:colcon.colcon_core.package_identification:_identify(models/construction_barrel/meshes) by extension 'colcon_pkg'
[0.296s] Level 1:colcon.colcon_core.package_identification:_identify(models/construction_barrel/meshes) by extensions ['colcon_meta']
[0.296s] Level 1:colcon.colcon_core.package_identification:_identify(models/construction_barrel/meshes) by extension 'colcon_meta'
[0.296s] Level 1:colcon.colcon_core.package_identification:_identify(models/construction_barrel/meshes) by extensions ['ros']
[0.296s] Level 1:colcon.colcon_core.package_identification:_identify(models/construction_barrel/meshes) by extension 'ros'
[0.296s] Level 1:colcon.colcon_core.package_identification:_identify(models/construction_barrel/meshes) by extensions ['cmake', 'python']
[0.296s] Level 1:colcon.colcon_core.package_identification:_identify(models/construction_barrel/meshes) by extension 'cmake'
[0.296s] Level 1:colcon.colcon_core.package_identification:_identify(models/construction_barrel/meshes) by extension 'python'
[0.296s] Level 1:colcon.colcon_core.package_identification:_identify(models/construction_barrel/meshes) by extensions ['python_setup_py']
[0.296s] Level 1:colcon.colcon_core.package_identification:_identify(models/construction_barrel/meshes) by extension 'python_setup_py'
[0.296s] Level 1:colcon.colcon_core.package_identification:_identify(models/rtab_map_stage) by extensions ['ignore', 'ignore_ament_install']
[0.297s] Level 1:colcon.colcon_core.package_identification:_identify(models/rtab_map_stage) by extension 'ignore'
[0.297s] Level 1:colcon.colcon_core.package_identification:_identify(models/rtab_map_stage) by extension 'ignore_ament_install'
[0.297s] Level 1:colcon.colcon_core.package_identification:_identify(models/rtab_map_stage) by extensions ['colcon_pkg']
[0.297s] Level 1:colcon.colcon_core.package_identification:_identify(models/rtab_map_stage) by extension 'colcon_pkg'
[0.297s] Level 1:colcon.colcon_core.package_identification:_identify(models/rtab_map_stage) by extensions ['colcon_meta']
[0.297s] Level 1:colcon.colcon_core.package_identification:_identify(models/rtab_map_stage) by extension 'colcon_meta'
[0.297s] Level 1:colcon.colcon_core.package_identification:_identify(models/rtab_map_stage) by extensions ['ros']
[0.297s] Level 1:colcon.colcon_core.package_identification:_identify(models/rtab_map_stage) by extension 'ros'
[0.297s] Level 1:colcon.colcon_core.package_identification:_identify(models/rtab_map_stage) by extensions ['cmake', 'python']
[0.297s] Level 1:colcon.colcon_core.package_identification:_identify(models/rtab_map_stage) by extension 'cmake'
[0.297s] Level 1:colcon.colcon_core.package_identification:_identify(models/rtab_map_stage) by extension 'python'
[0.297s] Level 1:colcon.colcon_core.package_identification:_identify(models/rtab_map_stage) by extensions ['python_setup_py']
[0.297s] Level 1:colcon.colcon_core.package_identification:_identify(models/rtab_map_stage) by extension 'python_setup_py'
[0.297s] Level 1:colcon.colcon_core.package_identification:_identify(models/rtab_map_stage/meshes) by extensions ['ignore', 'ignore_ament_install']
[0.297s] Level 1:colcon.colcon_core.package_identification:_identify(models/rtab_map_stage/meshes) by extension 'ignore'
[0.297s] Level 1:colcon.colcon_core.package_identification:_identify(models/rtab_map_stage/meshes) by extension 'ignore_ament_install'
[0.297s] Level 1:colcon.colcon_core.package_identification:_identify(models/rtab_map_stage/meshes) by extensions ['colcon_pkg']
[0.297s] Level 1:colcon.colcon_core.package_identification:_identify(models/rtab_map_stage/meshes) by extension 'colcon_pkg'
[0.297s] Level 1:colcon.colcon_core.package_identification:_identify(models/rtab_map_stage/meshes) by extensions ['colcon_meta']
[0.297s] Level 1:colcon.colcon_core.package_identification:_identify(models/rtab_map_stage/meshes) by extension 'colcon_meta'
[0.297s] Level 1:colcon.colcon_core.package_identification:_identify(models/rtab_map_stage/meshes) by extensions ['ros']
[0.297s] Level 1:colcon.colcon_core.package_identification:_identify(models/rtab_map_stage/meshes) by extension 'ros'
[0.297s] Level 1:colcon.colcon_core.package_identification:_identify(models/rtab_map_stage/meshes) by extensions ['cmake', 'python']
[0.297s] Level 1:colcon.colcon_core.package_identification:_identify(models/rtab_map_stage/meshes) by extension 'cmake'
[0.297s] Level 1:colcon.colcon_core.package_identification:_identify(models/rtab_map_stage/meshes) by extension 'python'
[0.297s] Level 1:colcon.colcon_core.package_identification:_identify(models/rtab_map_stage/meshes) by extensions ['python_setup_py']
[0.297s] Level 1:colcon.colcon_core.package_identification:_identify(models/rtab_map_stage/meshes) by extension 'python_setup_py'
[0.297s] Level 1:colcon.colcon_core.package_identification:_identify(ros2_ws) by extensions ['ignore', 'ignore_ament_install']
[0.297s] Level 1:colcon.colcon_core.package_identification:_identify(ros2_ws) by extension 'ignore'
[0.297s] Level 1:colcon.colcon_core.package_identification:_identify(ros2_ws) by extension 'ignore_ament_install'
[0.297s] Level 1:colcon.colcon_core.package_identification:_identify(ros2_ws) by extensions ['colcon_pkg']
[0.297s] Level 1:colcon.colcon_core.package_identification:_identify(ros2_ws) by extension 'colcon_pkg'
[0.297s] Level 1:colcon.colcon_core.package_identification:_identify(ros2_ws) by extensions ['colcon_meta']
[0.297s] Level 1:colcon.colcon_core.package_identification:_identify(ros2_ws) by extension 'colcon_meta'
[0.297s] Level 1:colcon.colcon_core.package_identification:_identify(ros2_ws) by extensions ['ros']
[0.297s] Level 1:colcon.colcon_core.package_identification:_identify(ros2_ws) by extension 'ros'
[0.297s] Level 1:colcon.colcon_core.package_identification:_identify(ros2_ws) by extensions ['cmake', 'python']
[0.297s] Level 1:colcon.colcon_core.package_identification:_identify(ros2_ws) by extension 'cmake'
[0.297s] Level 1:colcon.colcon_core.package_identification:_identify(ros2_ws) by extension 'python'
[0.297s] Level 1:colcon.colcon_core.package_identification:_identify(ros2_ws) by extensions ['python_setup_py']
[0.297s] Level 1:colcon.colcon_core.package_identification:_identify(ros2_ws) by extension 'python_setup_py'
[0.298s] Level 1:colcon.colcon_core.package_identification:_identify(ros2_ws/build) by extensions ['ignore', 'ignore_ament_install']
[0.298s] Level 1:colcon.colcon_core.package_identification:_identify(ros2_ws/build) by extension 'ignore'
[0.298s] Level 1:colcon.colcon_core.package_identification:_identify(ros2_ws/build) ignored
[0.298s] Level 1:colcon.colcon_core.package_identification:_identify(ros2_ws/install) by extensions ['ignore', 'ignore_ament_install']
[0.298s] Level 1:colcon.colcon_core.package_identification:_identify(ros2_ws/install) by extension 'ignore'
[0.298s] Level 1:colcon.colcon_core.package_identification:_identify(ros2_ws/install) ignored
[0.298s] Level 1:colcon.colcon_core.package_identification:_identify(ros2_ws/log) by extensions ['ignore', 'ignore_ament_install']
[0.298s] Level 1:colcon.colcon_core.package_identification:_identify(ros2_ws/log) by extension 'ignore'
[0.298s] Level 1:colcon.colcon_core.package_identification:_identify(ros2_ws/log) ignored
[0.298s] Level 1:colcon.colcon_core.package_identification:_identify(ros2_ws/src) by extensions ['ignore', 'ignore_ament_install']
[0.298s] Level 1:colcon.colcon_core.package_identification:_identify(ros2_ws/src) by extension 'ignore'
[0.298s] Level 1:colcon.colcon_core.package_identification:_identify(ros2_ws/src) by extension 'ignore_ament_install'
[0.298s] Level 1:colcon.colcon_core.package_identification:_identify(ros2_ws/src) by extensions ['colcon_pkg']
[0.298s] Level 1:colcon.colcon_core.package_identification:_identify(ros2_ws/src) by extension 'colcon_pkg'
[0.298s] Level 1:colcon.colcon_core.package_identification:_identify(ros2_ws/src) by extensions ['colcon_meta']
[0.298s] Level 1:colcon.colcon_core.package_identification:_identify(ros2_ws/src) by extension 'colcon_meta'
[0.298s] Level 1:colcon.colcon_core.package_identification:_identify(ros2_ws/src) by extensions ['ros']
[0.298s] Level 1:colcon.colcon_core.package_identification:_identify(ros2_ws/src) by extension 'ros'
[0.298s] Level 1:colcon.colcon_core.package_identification:_identify(ros2_ws/src) by extensions ['cmake', 'python']
[0.298s] Level 1:colcon.colcon_core.package_identification:_identify(ros2_ws/src) by extension 'cmake'
[0.298s] Level 1:colcon.colcon_core.package_identification:_identify(ros2_ws/src) by extension 'python'
[0.298s] Level 1:colcon.colcon_core.package_identification:_identify(ros2_ws/src) by extensions ['python_setup_py']
[0.298s] Level 1:colcon.colcon_core.package_identification:_identify(ros2_ws/src) by extension 'python_setup_py'
[0.298s] Level 1:colcon.colcon_core.package_identification:_identify(ros2_ws/src/LIO-SAM) by extensions ['ignore', 'ignore_ament_install']
[0.298s] Level 1:colcon.colcon_core.package_identification:_identify(ros2_ws/src/LIO-SAM) by extension 'ignore'
[0.298s] Level 1:colcon.colcon_core.package_identification:_identify(ros2_ws/src/LIO-SAM) by extension 'ignore_ament_install'
[0.298s] Level 1:colcon.colcon_core.package_identification:_identify(ros2_ws/src/LIO-SAM) by extensions ['colcon_pkg']
[0.298s] Level 1:colcon.colcon_core.package_identification:_identify(ros2_ws/src/LIO-SAM) by extension 'colcon_pkg'
[0.298s] Level 1:colcon.colcon_core.package_identification:_identify(ros2_ws/src/LIO-SAM) by extensions ['colcon_meta']
[0.298s] Level 1:colcon.colcon_core.package_identification:_identify(ros2_ws/src/LIO-SAM) by extension 'colcon_meta'
[0.298s] Level 1:colcon.colcon_core.package_identification:_identify(ros2_ws/src/LIO-SAM) by extensions ['ros']
[0.298s] Level 1:colcon.colcon_core.package_identification:_identify(ros2_ws/src/LIO-SAM) by extension 'ros'
[0.301s] DEBUG:colcon.colcon_core.package_identification:Package 'ros2_ws/src/LIO-SAM' with type 'ros.ament_cmake' and name 'lio_sam'
[0.302s] Level 1:colcon.colcon_core.package_identification:_identify(ros2_ws/src/build) by extensions ['ignore', 'ignore_ament_install']
[0.302s] Level 1:colcon.colcon_core.package_identification:_identify(ros2_ws/src/build) by extension 'ignore'
[0.302s] Level 1:colcon.colcon_core.package_identification:_identify(ros2_ws/src/build) ignored
[0.302s] Level 1:colcon.colcon_core.package_identification:_identify(ros2_ws/src/install) by extensions ['ignore', 'ignore_ament_install']
[0.302s] Level 1:colcon.colcon_core.package_identification:_identify(ros2_ws/src/install) by extension 'ignore'
[0.302s] Level 1:colcon.colcon_core.package_identification:_identify(ros2_ws/src/install) ignored
[0.302s] Level 1:colcon.colcon_core.package_identification:_identify(ros2_ws/src/joystick_ros2) by extensions ['ignore', 'ignore_ament_install']
[0.302s] Level 1:colcon.colcon_core.package_identification:_identify(ros2_ws/src/joystick_ros2) by extension 'ignore'
[0.302s] Level 1:colcon.colcon_core.package_identification:_identify(ros2_ws/src/joystick_ros2) by extension 'ignore_ament_install'
[0.302s] Level 1:colcon.colcon_core.package_identification:_identify(ros2_ws/src/joystick_ros2) by extensions ['colcon_pkg']
[0.302s] Level 1:colcon.colcon_core.package_identification:_identify(ros2_ws/src/joystick_ros2) by extension 'colcon_pkg'
[0.302s] Level 1:colcon.colcon_core.package_identification:_identify(ros2_ws/src/joystick_ros2) by extensions ['colcon_meta']
[0.302s] Level 1:colcon.colcon_core.package_identification:_identify(ros2_ws/src/joystick_ros2) by extension 'colcon_meta'
[0.302s] Level 1:colcon.colcon_core.package_identification:_identify(ros2_ws/src/joystick_ros2) by extensions ['ros']
[0.302s] Level 1:colcon.colcon_core.package_identification:_identify(ros2_ws/src/joystick_ros2) by extension 'ros'
[0.302s] DEBUG:colcon.colcon_core.package_identification:Package 'ros2_ws/src/joystick_ros2' with type 'ros.ament_python' and name 'joystick_ros2'
[0.302s] Level 1:colcon.colcon_core.package_identification:_identify(ros2_ws/src/loam_back_and_forth) by extensions ['ignore', 'ignore_ament_install']
[0.302s] Level 1:colcon.colcon_core.package_identification:_identify(ros2_ws/src/loam_back_and_forth) by extension 'ignore'
[0.302s] Level 1:colcon.colcon_core.package_identification:_identify(ros2_ws/src/loam_back_and_forth) by extension 'ignore_ament_install'
[0.303s] Level 1:colcon.colcon_core.package_identification:_identify(ros2_ws/src/loam_back_and_forth) by extensions ['colcon_pkg']
[0.303s] Level 1:colcon.colcon_core.package_identification:_identify(ros2_ws/src/loam_back_and_forth) by extension 'colcon_pkg'
[0.303s] Level 1:colcon.colcon_core.package_identification:_identify(ros2_ws/src/loam_back_and_forth) by extensions ['colcon_meta']
[0.303s] Level 1:colcon.colcon_core.package_identification:_identify(ros2_ws/src/loam_back_and_forth) by extension 'colcon_meta'
[0.303s] Level 1:colcon.colcon_core.package_identification:_identify(ros2_ws/src/loam_back_and_forth) by extensions ['ros']
[0.303s] Level 1:colcon.colcon_core.package_identification:_identify(ros2_ws/src/loam_back_and_forth) by extension 'ros'
[0.303s] DEBUG:colcon.colcon_core.package_identification:Package 'ros2_ws/src/loam_back_and_forth' with type 'ros.ament_cmake' and name 'loam_back_and_forth'
[0.303s] Level 1:colcon.colcon_core.package_identification:_identify(ros2_ws/src/log) by extensions ['ignore', 'ignore_ament_install']
[0.303s] Level 1:colcon.colcon_core.package_identification:_identify(ros2_ws/src/log) by extension 'ignore'
[0.303s] Level 1:colcon.colcon_core.package_identification:_identify(ros2_ws/src/log) ignored
[0.303s] Level 1:colcon.colcon_core.package_identification:_identify(ros2_ws/src/robot_control) by extensions ['ignore', 'ignore_ament_install']
[0.304s] Level 1:colcon.colcon_core.package_identification:_identify(ros2_ws/src/robot_control) by extension 'ignore'
[0.304s] Level 1:colcon.colcon_core.package_identification:_identify(ros2_ws/src/robot_control) by extension 'ignore_ament_install'
[0.304s] Level 1:colcon.colcon_core.package_identification:_identify(ros2_ws/src/robot_control) by extensions ['colcon_pkg']
[0.304s] Level 1:colcon.colcon_core.package_identification:_identify(ros2_ws/src/robot_control) by extension 'colcon_pkg'
[0.304s] Level 1:colcon.colcon_core.package_identification:_identify(ros2_ws/src/robot_control) by extensions ['colcon_meta']
[0.304s] Level 1:colcon.colcon_core.package_identification:_identify(ros2_ws/src/robot_control) by extension 'colcon_meta'
[0.304s] Level 1:colcon.colcon_core.package_identification:_identify(ros2_ws/src/robot_control) by extensions ['ros']
[0.304s] Level 1:colcon.colcon_core.package_identification:_identify(ros2_ws/src/robot_control) by extension 'ros'
[0.304s] DEBUG:colcon.colcon_core.package_identification:Package 'ros2_ws/src/robot_control' with type 'ros.ament_cmake' and name 'robot_control'
[0.304s] Level 1:colcon.colcon_core.package_identification:_identify(ros2_ws/src/robot_description) by extensions ['ignore', 'ignore_ament_install']
[0.304s] Level 1:colcon.colcon_core.package_identification:_identify(ros2_ws/src/robot_description) by extension 'ignore'
[0.304s] Level 1:colcon.colcon_core.package_identification:_identify(ros2_ws/src/robot_description) by extension 'ignore_ament_install'
[0.304s] Level 1:colcon.colcon_core.package_identification:_identify(ros2_ws/src/robot_description) by extensions ['colcon_pkg']
[0.304s] Level 1:colcon.colcon_core.package_identification:_identify(ros2_ws/src/robot_description) by extension 'colcon_pkg'
[0.304s] Level 1:colcon.colcon_core.package_identification:_identify(ros2_ws/src/robot_description) by extensions ['colcon_meta']
[0.304s] Level 1:colcon.colcon_core.package_identification:_identify(ros2_ws/src/robot_description) by extension 'colcon_meta'
[0.304s] Level 1:colcon.colcon_core.package_identification:_identify(ros2_ws/src/robot_description) by extensions ['ros']
[0.304s] Level 1:colcon.colcon_core.package_identification:_identify(ros2_ws/src/robot_description) by extension 'ros'
[0.304s] DEBUG:colcon.colcon_core.package_identification:Package 'ros2_ws/src/robot_description' with type 'ros.ament_cmake' and name 'robot_description'
[0.305s] Level 1:colcon.colcon_core.package_identification:_identify(ros2_ws/src/robot_gazebo) by extensions ['ignore', 'ignore_ament_install']
[0.305s] Level 1:colcon.colcon_core.package_identification:_identify(ros2_ws/src/robot_gazebo) by extension 'ignore'
[0.305s] Level 1:colcon.colcon_core.package_identification:_identify(ros2_ws/src/robot_gazebo) by extension 'ignore_ament_install'
[0.305s] Level 1:colcon.colcon_core.package_identification:_identify(ros2_ws/src/robot_gazebo) by extensions ['colcon_pkg']
[0.305s] Level 1:colcon.colcon_core.package_identification:_identify(ros2_ws/src/robot_gazebo) by extension 'colcon_pkg'
[0.305s] Level 1:colcon.colcon_core.package_identification:_identify(ros2_ws/src/robot_gazebo) by extensions ['colcon_meta']
[0.305s] Level 1:colcon.colcon_core.package_identification:_identify(ros2_ws/src/robot_gazebo) by extension 'colcon_meta'
[0.305s] Level 1:colcon.colcon_core.package_identification:_identify(ros2_ws/src/robot_gazebo) by extensions ['ros']
[0.305s] Level 1:colcon.colcon_core.package_identification:_identify(ros2_ws/src/robot_gazebo) by extension 'ros'
[0.305s] DEBUG:colcon.colcon_core.package_identification:Package 'ros2_ws/src/robot_gazebo' with type 'ros.ament_cmake' and name 'robot_gazebo'
[0.305s] Level 1:colcon.colcon_core.package_identification:_identify(ros2_ws/src/rplidar_ros) by extensions ['ignore', 'ignore_ament_install']
[0.305s] Level 1:colcon.colcon_core.package_identification:_identify(ros2_ws/src/rplidar_ros) by extension 'ignore'
[0.305s] Level 1:colcon.colcon_core.package_identification:_identify(ros2_ws/src/rplidar_ros) by extension 'ignore_ament_install'
[0.305s] Level 1:colcon.colcon_core.package_identification:_identify(ros2_ws/src/rplidar_ros) by extensions ['colcon_pkg']
[0.305s] Level 1:colcon.colcon_core.package_identification:_identify(ros2_ws/src/rplidar_ros) by extension 'colcon_pkg'
[0.305s] Level 1:colcon.colcon_core.package_identification:_identify(ros2_ws/src/rplidar_ros) by extensions ['colcon_meta']
[0.305s] Level 1:colcon.colcon_core.package_identification:_identify(ros2_ws/src/rplidar_ros) by extension 'colcon_meta'
[0.305s] Level 1:colcon.colcon_core.package_identification:_identify(ros2_ws/src/rplidar_ros) by extensions ['ros']
[0.305s] Level 1:colcon.colcon_core.package_identification:_identify(ros2_ws/src/rplidar_ros) by extension 'ros'
[0.306s] DEBUG:colcon.colcon_core.package_identification:Package 'ros2_ws/src/rplidar_ros' with type 'ros.ament_cmake' and name 'rplidar_ros'
[0.306s] Level 1:colcon.colcon_core.package_identification:_identify(ros2_ws/src/teleop_keyboard) by extensions ['ignore', 'ignore_ament_install']
[0.306s] Level 1:colcon.colcon_core.package_identification:_identify(ros2_ws/src/teleop_keyboard) by extension 'ignore'
[0.306s] Level 1:colcon.colcon_core.package_identification:_identify(ros2_ws/src/teleop_keyboard) by extension 'ignore_ament_install'
[0.306s] Level 1:colcon.colcon_core.package_identification:_identify(ros2_ws/src/teleop_keyboard) by extensions ['colcon_pkg']
[0.306s] Level 1:colcon.colcon_core.package_identification:_identify(ros2_ws/src/teleop_keyboard) by extension 'colcon_pkg'
[0.306s] Level 1:colcon.colcon_core.package_identification:_identify(ros2_ws/src/teleop_keyboard) by extensions ['colcon_meta']
[0.306s] Level 1:colcon.colcon_core.package_identification:_identify(ros2_ws/src/teleop_keyboard) by extension 'colcon_meta'
[0.306s] Level 1:colcon.colcon_core.package_identification:_identify(ros2_ws/src/teleop_keyboard) by extensions ['ros']
[0.306s] Level 1:colcon.colcon_core.package_identification:_identify(ros2_ws/src/teleop_keyboard) by extension 'ros'
[0.306s] Level 1:colcon.colcon_core.package_identification:_identify(ros2_ws/src/teleop_keyboard) by extensions ['cmake', 'python']
[0.306s] Level 1:colcon.colcon_core.package_identification:_identify(ros2_ws/src/teleop_keyboard) by extension 'cmake'
[0.306s] Level 1:colcon.colcon_core.package_identification:_identify(ros2_ws/src/teleop_keyboard) by extension 'python'
[0.306s] Level 1:colcon.colcon_core.package_identification:_identify(ros2_ws/src/teleop_keyboard) by extensions ['python_setup_py']
[0.306s] Level 1:colcon.colcon_core.package_identification:_identify(ros2_ws/src/teleop_keyboard) by extension 'python_setup_py'
[0.306s] Level 1:colcon.colcon_core.package_identification:_identify(ros2_ws/src/tilt_lidar_node) by extensions ['ignore', 'ignore_ament_install']
[0.306s] Level 1:colcon.colcon_core.package_identification:_identify(ros2_ws/src/tilt_lidar_node) by extension 'ignore'
[0.306s] Level 1:colcon.colcon_core.package_identification:_identify(ros2_ws/src/tilt_lidar_node) by extension 'ignore_ament_install'
[0.306s] Level 1:colcon.colcon_core.package_identification:_identify(ros2_ws/src/tilt_lidar_node) by extensions ['colcon_pkg']
[0.306s] Level 1:colcon.colcon_core.package_identification:_identify(ros2_ws/src/tilt_lidar_node) by extension 'colcon_pkg'
[0.306s] Level 1:colcon.colcon_core.package_identification:_identify(ros2_ws/src/tilt_lidar_node) by extensions ['colcon_meta']
[0.306s] Level 1:colcon.colcon_core.package_identification:_identify(ros2_ws/src/tilt_lidar_node) by extension 'colcon_meta'
[0.306s] Level 1:colcon.colcon_core.package_identification:_identify(ros2_ws/src/tilt_lidar_node) by extensions ['ros']
[0.306s] Level 1:colcon.colcon_core.package_identification:_identify(ros2_ws/src/tilt_lidar_node) by extension 'ros'
[0.307s] DEBUG:colcon.colcon_core.package_identification:Package 'ros2_ws/src/tilt_lidar_node' with type 'ros.ament_cmake' and name 'tilt_lidar_node'
[0.307s] Level 1:colcon.colcon_core.package_identification:_identify(ros2_ws/src/velodyne_simulator) by extensions ['ignore', 'ignore_ament_install']
[0.307s] Level 1:colcon.colcon_core.package_identification:_identify(ros2_ws/src/velodyne_simulator) by extension 'ignore'
[0.307s] Level 1:colcon.colcon_core.package_identification:_identify(ros2_ws/src/velodyne_simulator) by extension 'ignore_ament_install'
[0.307s] Level 1:colcon.colcon_core.package_identification:_identify(ros2_ws/src/velodyne_simulator) by extensions ['colcon_pkg']
[0.307s] Level 1:colcon.colcon_core.package_identification:_identify(ros2_ws/src/velodyne_simulator) by extension 'colcon_pkg'
[0.307s] Level 1:colcon.colcon_core.package_identification:_identify(ros2_ws/src/velodyne_simulator) by extensions ['colcon_meta']
[0.307s] Level 1:colcon.colcon_core.package_identification:_identify(ros2_ws/src/velodyne_simulator) by extension 'colcon_meta'
[0.307s] Level 1:colcon.colcon_core.package_identification:_identify(ros2_ws/src/velodyne_simulator) by extensions ['ros']
[0.307s] Level 1:colcon.colcon_core.package_identification:_identify(ros2_ws/src/velodyne_simulator) by extension 'ros'
[0.307s] Level 1:colcon.colcon_core.package_identification:_identify(ros2_ws/src/velodyne_simulator) by extensions ['cmake', 'python']
[0.307s] Level 1:colcon.colcon_core.package_identification:_identify(ros2_ws/src/velodyne_simulator) by extension 'cmake'
[0.307s] Level 1:colcon.colcon_core.package_identification:_identify(ros2_ws/src/velodyne_simulator) by extension 'python'
[0.307s] Level 1:colcon.colcon_core.package_identification:_identify(ros2_ws/src/velodyne_simulator) by extensions ['python_setup_py']
[0.307s] Level 1:colcon.colcon_core.package_identification:_identify(ros2_ws/src/velodyne_simulator) by extension 'python_setup_py'
[0.307s] Level 1:colcon.colcon_core.package_identification:_identify(ros2_ws/src/velodyne_simulator/img) by extensions ['ignore', 'ignore_ament_install']
[0.307s] Level 1:colcon.colcon_core.package_identification:_identify(ros2_ws/src/velodyne_simulator/img) by extension 'ignore'
[0.307s] Level 1:colcon.colcon_core.package_identification:_identify(ros2_ws/src/velodyne_simulator/img) by extension 'ignore_ament_install'
[0.307s] Level 1:colcon.colcon_core.package_identification:_identify(ros2_ws/src/velodyne_simulator/img) by extensions ['colcon_pkg']
[0.307s] Level 1:colcon.colcon_core.package_identification:_identify(ros2_ws/src/velodyne_simulator/img) by extension 'colcon_pkg'
[0.307s] Level 1:colcon.colcon_core.package_identification:_identify(ros2_ws/src/velodyne_simulator/img) by extensions ['colcon_meta']
[0.307s] Level 1:colcon.colcon_core.package_identification:_identify(ros2_ws/src/velodyne_simulator/img) by extension 'colcon_meta'
[0.307s] Level 1:colcon.colcon_core.package_identification:_identify(ros2_ws/src/velodyne_simulator/img) by extensions ['ros']
[0.307s] Level 1:colcon.colcon_core.package_identification:_identify(ros2_ws/src/velodyne_simulator/img) by extension 'ros'
[0.307s] Level 1:colcon.colcon_core.package_identification:_identify(ros2_ws/src/velodyne_simulator/img) by extensions ['cmake', 'python']
[0.307s] Level 1:colcon.colcon_core.package_identification:_identify(ros2_ws/src/velodyne_simulator/img) by extension 'cmake'
[0.308s] Level 1:colcon.colcon_core.package_identification:_identify(ros2_ws/src/velodyne_simulator/img) by extension 'python'
[0.308s] Level 1:colcon.colcon_core.package_identification:_identify(ros2_ws/src/velodyne_simulator/img) by extensions ['python_setup_py']
[0.308s] Level 1:colcon.colcon_core.package_identification:_identify(ros2_ws/src/velodyne_simulator/img) by extension 'python_setup_py'
[0.308s] Level 1:colcon.colcon_core.package_identification:_identify(ros2_ws/src/velodyne_simulator/velodyne_description) by extensions ['ignore', 'ignore_ament_install']
[0.308s] Level 1:colcon.colcon_core.package_identification:_identify(ros2_ws/src/velodyne_simulator/velodyne_description) by extension 'ignore'
[0.308s] Level 1:colcon.colcon_core.package_identification:_identify(ros2_ws/src/velodyne_simulator/velodyne_description) by extension 'ignore_ament_install'
[0.308s] Level 1:colcon.colcon_core.package_identification:_identify(ros2_ws/src/velodyne_simulator/velodyne_description) by extensions ['colcon_pkg']
[0.308s] Level 1:colcon.colcon_core.package_identification:_identify(ros2_ws/src/velodyne_simulator/velodyne_description) by extension 'colcon_pkg'
[0.308s] Level 1:colcon.colcon_core.package_identification:_identify(ros2_ws/src/velodyne_simulator/velodyne_description) by extensions ['colcon_meta']
[0.308s] Level 1:colcon.colcon_core.package_identification:_identify(ros2_ws/src/velodyne_simulator/velodyne_description) by extension 'colcon_meta'
[0.308s] Level 1:colcon.colcon_core.package_identification:_identify(ros2_ws/src/velodyne_simulator/velodyne_description) by extensions ['ros']
[0.308s] Level 1:colcon.colcon_core.package_identification:_identify(ros2_ws/src/velodyne_simulator/velodyne_description) by extension 'ros'
[0.308s] DEBUG:colcon.colcon_core.package_identification:Package 'ros2_ws/src/velodyne_simulator/velodyne_description' with type 'ros.ament_cmake' and name 'velodyne_description'
[0.308s] Level 1:colcon.colcon_core.package_identification:_identify(ros2_ws/src/velodyne_simulator/velodyne_gazebo_plugins) by extensions ['ignore', 'ignore_ament_install']
[0.308s] Level 1:colcon.colcon_core.package_identification:_identify(ros2_ws/src/velodyne_simulator/velodyne_gazebo_plugins) by extension 'ignore'
[0.308s] Level 1:colcon.colcon_core.package_identification:_identify(ros2_ws/src/velodyne_simulator/velodyne_gazebo_plugins) by extension 'ignore_ament_install'
[0.308s] Level 1:colcon.colcon_core.package_identification:_identify(ros2_ws/src/velodyne_simulator/velodyne_gazebo_plugins) by extensions ['colcon_pkg']
[0.308s] Level 1:colcon.colcon_core.package_identification:_identify(ros2_ws/src/velodyne_simulator/velodyne_gazebo_plugins) by extension 'colcon_pkg'
[0.308s] Level 1:colcon.colcon_core.package_identification:_identify(ros2_ws/src/velodyne_simulator/velodyne_gazebo_plugins) by extensions ['colcon_meta']
[0.308s] Level 1:colcon.colcon_core.package_identification:_identify(ros2_ws/src/velodyne_simulator/velodyne_gazebo_plugins) by extension 'colcon_meta'
[0.308s] Level 1:colcon.colcon_core.package_identification:_identify(ros2_ws/src/velodyne_simulator/velodyne_gazebo_plugins) by extensions ['ros']
[0.308s] Level 1:colcon.colcon_core.package_identification:_identify(ros2_ws/src/velodyne_simulator/velodyne_gazebo_plugins) by extension 'ros'
[0.309s] DEBUG:colcon.colcon_core.package_identification:Package 'ros2_ws/src/velodyne_simulator/velodyne_gazebo_plugins' with type 'ros.ament_cmake' and name 'velodyne_gazebo_plugins'
[0.309s] Level 1:colcon.colcon_core.package_identification:_identify(ros2_ws/src/velodyne_simulator/velodyne_simulator) by extensions ['ignore', 'ignore_ament_install']
[0.309s] Level 1:colcon.colcon_core.package_identification:_identify(ros2_ws/src/velodyne_simulator/velodyne_simulator) by extension 'ignore'
[0.309s] Level 1:colcon.colcon_core.package_identification:_identify(ros2_ws/src/velodyne_simulator/velodyne_simulator) by extension 'ignore_ament_install'
[0.309s] Level 1:colcon.colcon_core.package_identification:_identify(ros2_ws/src/velodyne_simulator/velodyne_simulator) by extensions ['colcon_pkg']
[0.309s] Level 1:colcon.colcon_core.package_identification:_identify(ros2_ws/src/velodyne_simulator/velodyne_simulator) by extension 'colcon_pkg'
[0.309s] Level 1:colcon.colcon_core.package_identification:_identify(ros2_ws/src/velodyne_simulator/velodyne_simulator) by extensions ['colcon_meta']
[0.309s] Level 1:colcon.colcon_core.package_identification:_identify(ros2_ws/src/velodyne_simulator/velodyne_simulator) by extension 'colcon_meta'
[0.309s] Level 1:colcon.colcon_core.package_identification:_identify(ros2_ws/src/velodyne_simulator/velodyne_simulator) by extensions ['ros']
[0.309s] Level 1:colcon.colcon_core.package_identification:_identify(ros2_ws/src/velodyne_simulator/velodyne_simulator) by extension 'ros'
[0.309s] DEBUG:colcon.colcon_core.package_identification:Package 'ros2_ws/src/velodyne_simulator/velodyne_simulator' with type 'ros.ament_cmake' and name 'velodyne_simulator'
[0.309s] Level 1:colcon.colcon_core.package_discovery:discover_packages(recursive) using defaults
[0.309s] Level 1:colcon.colcon_core.package_discovery:discover_packages(ignore) discover
[0.310s] Level 1:colcon.colcon_core.package_discovery:discover_packages(ignore) using defaults
[0.310s] Level 1:colcon.colcon_core.package_discovery:discover_packages(path) discover
[0.310s] Level 1:colcon.colcon_core.package_discovery:discover_packages(path) using defaults
[0.326s] INFO:colcon.colcon_core.package_selection:Skipping not selected package 'joystick_ros2' in 'ros2_ws/src/joystick_ros2'
[0.326s] INFO:colcon.colcon_core.package_selection:Skipping not selected package 'lio_sam' in 'ros2_ws/src/LIO-SAM'
[0.326s] INFO:colcon.colcon_core.package_selection:Skipping not selected package 'loam_back_and_forth' in 'ros2_ws/src/loam_back_and_forth'
[0.326s] INFO:colcon.colcon_core.package_selection:Skipping not selected package 'robot_control' in 'ros2_ws/src/robot_control'
[0.326s] INFO:colcon.colcon_core.package_selection:Skipping not selected package 'robot_description' in 'ros2_ws/src/robot_description'
[0.326s] INFO:colcon.colcon_core.package_selection:Skipping not selected package 'rplidar_ros' in 'ros2_ws/src/rplidar_ros'
[0.326s] INFO:colcon.colcon_core.package_selection:Skipping not selected package 'velodyne_description' in 'ros2_ws/src/velodyne_simulator/velodyne_description'
[0.326s] INFO:colcon.colcon_core.package_selection:Skipping not selected package 'velodyne_gazebo_plugins' in 'ros2_ws/src/velodyne_simulator/velodyne_gazebo_plugins'
[0.326s] INFO:colcon.colcon_core.package_selection:Skipping not selected package 'robot_gazebo' in 'ros2_ws/src/robot_gazebo'
[0.326s] INFO:colcon.colcon_core.package_selection:Skipping not selected package 'velodyne_simulator' in 'ros2_ws/src/velodyne_simulator/velodyne_simulator'
[0.327s] Level 1:colcon.colcon_core.package_discovery:discover_packages(prefix_path) check parameters
[0.327s] Level 1:colcon.colcon_core.package_discovery:discover_packages(prefix_path) discover
[0.330s] DEBUG:colcon.colcon_installed_package_information.package_discovery:Found 330 installed packages in /opt/ros/humble
[0.331s] Level 1:colcon.colcon_core.package_discovery:discover_packages(prefix_path) using defaults
[0.354s] Level 5:colcon.colcon_core.verb:set package 'tilt_lidar_node' build argument 'cmake_args' from command line to 'None'
[0.354s] Level 5:colcon.colcon_core.verb:set package 'tilt_lidar_node' build argument 'cmake_target' from command line to 'None'
[0.354s] Level 5:colcon.colcon_core.verb:set package 'tilt_lidar_node' build argument 'cmake_target_skip_unavailable' from command line to 'False'
[0.354s] Level 5:colcon.colcon_core.verb:set package 'tilt_lidar_node' build argument 'cmake_clean_cache' from command line to 'False'
[0.354s] Level 5:colcon.colcon_core.verb:set package 'tilt_lidar_node' build argument 'cmake_clean_first' from command line to 'False'
[0.354s] Level 5:colcon.colcon_core.verb:set package 'tilt_lidar_node' build argument 'cmake_force_configure' from command line to 'False'
[0.354s] Level 5:colcon.colcon_core.verb:set package 'tilt_lidar_node' build argument 'ament_cmake_args' from command line to 'None'
[0.354s] Level 5:colcon.colcon_core.verb:set package 'tilt_lidar_node' build argument 'catkin_cmake_args' from command line to 'None'
[0.354s] Level 5:colcon.colcon_core.verb:set package 'tilt_lidar_node' build argument 'catkin_skip_building_tests' from command line to 'False'
[0.354s] DEBUG:colcon.colcon_core.verb:Building package 'tilt_lidar_node' with the following arguments: {'ament_cmake_args': None, 'build_base': '/home/vince/Documents/school/mit/2025sp-turboslam/backend/build/tilt_lidar_node', 'catkin_cmake_args': None, 'catkin_skip_building_tests': False, 'cmake_args': None, 'cmake_clean_cache': False, 'cmake_clean_first': False, 'cmake_force_configure': False, 'cmake_target': None, 'cmake_target_skip_unavailable': False, 'install_base': '/home/vince/Documents/school/mit/2025sp-turboslam/backend/install/tilt_lidar_node', 'merge_install': False, 'path': '/home/vince/Documents/school/mit/2025sp-turboslam/backend/ros2_ws/src/tilt_lidar_node', 'symlink_install': False, 'test_result_base': None}
[0.355s] INFO:colcon.colcon_core.executor:Executing jobs using 'parallel' executor
[0.355s] DEBUG:colcon.colcon_parallel_executor.executor.parallel:run_until_complete
[0.355s] INFO:colcon.colcon_ros.task.ament_cmake.build:Building ROS package in '/home/vince/Documents/school/mit/2025sp-turboslam/backend/ros2_ws/src/tilt_lidar_node' with build type 'ament_cmake'
[0.355s] INFO:colcon.colcon_cmake.task.cmake.build:Building CMake package in '/home/vince/Documents/school/mit/2025sp-turboslam/backend/ros2_ws/src/tilt_lidar_node'
[0.358s] INFO:colcon.colcon_core.plugin_system:Skipping extension 'colcon_core.shell.bat': Not used on non-Windows systems
[0.358s] INFO:colcon.colcon_core.shell:Skip shell extension 'powershell' for command environment: Not usable outside of PowerShell
[0.358s] DEBUG:colcon.colcon_core.shell:Skip shell extension 'dsv' for command environment
[0.364s] DEBUG:colcon.colcon_core.event_handler.log_command:Invoking command in '/home/vince/Documents/school/mit/2025sp-turboslam/backend/build/tilt_lidar_node': CMAKE_PREFIX_PATH=/opt/ros/humble /usr/bin/cmake /home/vince/Documents/school/mit/2025sp-turboslam/backend/ros2_ws/src/tilt_lidar_node -DCMAKE_INSTALL_PREFIX=/home/vince/Documents/school/mit/2025sp-turboslam/backend/install/tilt_lidar_node
[1.455s] DEBUG:colcon.colcon_core.event_handler.log_command:Invoked command in '/home/vince/Documents/school/mit/2025sp-turboslam/backend/build/tilt_lidar_node' returned '0': CMAKE_PREFIX_PATH=/opt/ros/humble /usr/bin/cmake /home/vince/Documents/school/mit/2025sp-turboslam/backend/ros2_ws/src/tilt_lidar_node -DCMAKE_INSTALL_PREFIX=/home/vince/Documents/school/mit/2025sp-turboslam/backend/install/tilt_lidar_node
[1.457s] DEBUG:colcon.colcon_core.event_handler.log_command:Invoking command in '/home/vince/Documents/school/mit/2025sp-turboslam/backend/build/tilt_lidar_node': CMAKE_PREFIX_PATH=/opt/ros/humble /usr/bin/cmake --build /home/vince/Documents/school/mit/2025sp-turboslam/backend/build/tilt_lidar_node -- -j8 -l8
[11.226s] DEBUG:colcon.colcon_core.event_handler.log_command:Invoked command in '/home/vince/Documents/school/mit/2025sp-turboslam/backend/build/tilt_lidar_node' returned '0': CMAKE_PREFIX_PATH=/opt/ros/humble /usr/bin/cmake --build /home/vince/Documents/school/mit/2025sp-turboslam/backend/build/tilt_lidar_node -- -j8 -l8
[11.240s] DEBUG:colcon.colcon_core.event_handler.log_command:Invoking command in '/home/vince/Documents/school/mit/2025sp-turboslam/backend/build/tilt_lidar_node': CMAKE_PREFIX_PATH=/opt/ros/humble /usr/bin/cmake --install /home/vince/Documents/school/mit/2025sp-turboslam/backend/build/tilt_lidar_node
[11.290s] Level 1:colcon.colcon_core.environment:create_environment_scripts_only(tilt_lidar_node)
[11.291s] DEBUG:colcon.colcon_core.event_handler.log_command:Invoked command in '/home/vince/Documents/school/mit/2025sp-turboslam/backend/build/tilt_lidar_node' returned '0': CMAKE_PREFIX_PATH=/opt/ros/humble /usr/bin/cmake --install /home/vince/Documents/school/mit/2025sp-turboslam/backend/build/tilt_lidar_node
[11.296s] Level 1:colcon.colcon_core.environment:checking '/home/vince/Documents/school/mit/2025sp-turboslam/backend/install/tilt_lidar_node' for CMake module files
[11.297s] Level 1:colcon.colcon_core.environment:checking '/home/vince/Documents/school/mit/2025sp-turboslam/backend/install/tilt_lidar_node' for CMake config files
[11.297s] Level 1:colcon.colcon_core.shell:create_environment_hook('tilt_lidar_node', 'cmake_prefix_path')
[11.298s] INFO:colcon.colcon_core.shell:Creating environment hook '/home/vince/Documents/school/mit/2025sp-turboslam/backend/install/tilt_lidar_node/share/tilt_lidar_node/hook/cmake_prefix_path.ps1'
[11.298s] INFO:colcon.colcon_core.shell:Creating environment descriptor '/home/vince/Documents/school/mit/2025sp-turboslam/backend/install/tilt_lidar_node/share/tilt_lidar_node/hook/cmake_prefix_path.dsv'
[11.299s] INFO:colcon.colcon_core.shell:Creating environment hook '/home/vince/Documents/school/mit/2025sp-turboslam/backend/install/tilt_lidar_node/share/tilt_lidar_node/hook/cmake_prefix_path.sh'
[11.301s] Level 1:colcon.colcon_core.environment:checking '/home/vince/Documents/school/mit/2025sp-turboslam/backend/install/tilt_lidar_node/lib'
[11.301s] Level 1:colcon.colcon_core.environment:checking '/home/vince/Documents/school/mit/2025sp-turboslam/backend/install/tilt_lidar_node/bin'
[11.301s] Level 1:colcon.colcon_core.environment:checking '/home/vince/Documents/school/mit/2025sp-turboslam/backend/install/tilt_lidar_node/lib/pkgconfig/tilt_lidar_node.pc'
[11.301s] Level 1:colcon.colcon_core.environment:checking '/home/vince/Documents/school/mit/2025sp-turboslam/backend/install/tilt_lidar_node/lib/python3.10/site-packages'
[11.302s] Level 1:colcon.colcon_core.environment:checking '/home/vince/Documents/school/mit/2025sp-turboslam/backend/install/tilt_lidar_node/bin'
[11.302s] INFO:colcon.colcon_core.shell:Creating package script '/home/vince/Documents/school/mit/2025sp-turboslam/backend/install/tilt_lidar_node/share/tilt_lidar_node/package.ps1'
[11.303s] INFO:colcon.colcon_core.shell:Creating package descriptor '/home/vince/Documents/school/mit/2025sp-turboslam/backend/install/tilt_lidar_node/share/tilt_lidar_node/package.dsv'
[11.304s] INFO:colcon.colcon_core.shell:Creating package script '/home/vince/Documents/school/mit/2025sp-turboslam/backend/install/tilt_lidar_node/share/tilt_lidar_node/package.sh'
[11.305s] INFO:colcon.colcon_core.shell:Creating package script '/home/vince/Documents/school/mit/2025sp-turboslam/backend/install/tilt_lidar_node/share/tilt_lidar_node/package.bash'
[11.306s] INFO:colcon.colcon_core.shell:Creating package script '/home/vince/Documents/school/mit/2025sp-turboslam/backend/install/tilt_lidar_node/share/tilt_lidar_node/package.zsh'
[11.307s] Level 1:colcon.colcon_core.environment:create_file_with_runtime_dependencies(/home/vince/Documents/school/mit/2025sp-turboslam/backend/install/tilt_lidar_node/share/colcon-core/packages/tilt_lidar_node)
[11.308s] Level 1:colcon.colcon_core.environment:create_environment_scripts_only(tilt_lidar_node)
[11.308s] Level 1:colcon.colcon_core.environment:checking '/home/vince/Documents/school/mit/2025sp-turboslam/backend/install/tilt_lidar_node' for CMake module files
[11.309s] Level 1:colcon.colcon_core.environment:checking '/home/vince/Documents/school/mit/2025sp-turboslam/backend/install/tilt_lidar_node' for CMake config files
[11.309s] Level 1:colcon.colcon_core.shell:create_environment_hook('tilt_lidar_node', 'cmake_prefix_path')
[11.309s] INFO:colcon.colcon_core.shell:Creating environment hook '/home/vince/Documents/school/mit/2025sp-turboslam/backend/install/tilt_lidar_node/share/tilt_lidar_node/hook/cmake_prefix_path.ps1'
[11.310s] INFO:colcon.colcon_core.shell:Creating environment descriptor '/home/vince/Documents/school/mit/2025sp-turboslam/backend/install/tilt_lidar_node/share/tilt_lidar_node/hook/cmake_prefix_path.dsv'
[11.310s] INFO:colcon.colcon_core.shell:Creating environment hook '/home/vince/Documents/school/mit/2025sp-turboslam/backend/install/tilt_lidar_node/share/tilt_lidar_node/hook/cmake_prefix_path.sh'
[11.311s] Level 1:colcon.colcon_core.environment:checking '/home/vince/Documents/school/mit/2025sp-turboslam/backend/install/tilt_lidar_node/lib'
[11.311s] Level 1:colcon.colcon_core.environment:checking '/home/vince/Documents/school/mit/2025sp-turboslam/backend/install/tilt_lidar_node/bin'
[11.311s] Level 1:colcon.colcon_core.environment:checking '/home/vince/Documents/school/mit/2025sp-turboslam/backend/install/tilt_lidar_node/lib/pkgconfig/tilt_lidar_node.pc'
[11.311s] Level 1:colcon.colcon_core.environment:checking '/home/vince/Documents/school/mit/2025sp-turboslam/backend/install/tilt_lidar_node/lib/python3.10/site-packages'
[11.312s] Level 1:colcon.colcon_core.environment:checking '/home/vince/Documents/school/mit/2025sp-turboslam/backend/install/tilt_lidar_node/bin'
[11.312s] INFO:colcon.colcon_core.shell:Creating package script '/home/vince/Documents/school/mit/2025sp-turboslam/backend/install/tilt_lidar_node/share/tilt_lidar_node/package.ps1'
[11.313s] INFO:colcon.colcon_core.shell:Creating package descriptor '/home/vince/Documents/school/mit/2025sp-turboslam/backend/install/tilt_lidar_node/share/tilt_lidar_node/package.dsv'
[11.313s] INFO:colcon.colcon_core.shell:Creating package script '/home/vince/Documents/school/mit/2025sp-turboslam/backend/install/tilt_lidar_node/share/tilt_lidar_node/package.sh'
[11.314s] INFO:colcon.colcon_core.shell:Creating package script '/home/vince/Documents/school/mit/2025sp-turboslam/backend/install/tilt_lidar_node/share/tilt_lidar_node/package.bash'
[11.314s] INFO:colcon.colcon_core.shell:Creating package script '/home/vince/Documents/school/mit/2025sp-turboslam/backend/install/tilt_lidar_node/share/tilt_lidar_node/package.zsh'
[11.315s] Level 1:colcon.colcon_core.environment:create_file_with_runtime_dependencies(/home/vince/Documents/school/mit/2025sp-turboslam/backend/install/tilt_lidar_node/share/colcon-core/packages/tilt_lidar_node)
[11.315s] DEBUG:colcon.colcon_parallel_executor.executor.parallel:closing loop
[11.315s] DEBUG:colcon.colcon_parallel_executor.executor.parallel:loop closed
[11.316s] DEBUG:colcon.colcon_parallel_executor.executor.parallel:run_until_complete finished with '0'
[11.316s] DEBUG:colcon.colcon_core.event_reactor:joining thread
[11.328s] INFO:colcon.colcon_core.plugin_system:Skipping extension 'colcon_notification.desktop_notification.terminal_notifier': Not used on non-Darwin systems
[11.328s] INFO:colcon.colcon_core.plugin_system:Skipping extension 'colcon_notification.desktop_notification.win32': Not used on non-Windows systems
[11.328s] INFO:colcon.colcon_notification.desktop_notification:Sending desktop notification using 'notify2'
[11.330s] DEBUG:colcon.colcon_notification.desktop_notification.notify2:Failed to initialize notify2: org.freedesktop.DBus.Error.ServiceUnknown: The name org.freedesktop.Notifications was not provided by any .service files
[11.330s] DEBUG:colcon.colcon_core.event_reactor:joined thread
[11.330s] INFO:colcon.colcon_core.shell:Creating prefix script '/home/vince/Documents/school/mit/2025sp-turboslam/backend/install/local_setup.ps1'
[11.332s] INFO:colcon.colcon_core.shell:Creating prefix util module '/home/vince/Documents/school/mit/2025sp-turboslam/backend/install/_local_setup_util_ps1.py'
[11.334s] INFO:colcon.colcon_core.shell:Creating prefix chain script '/home/vince/Documents/school/mit/2025sp-turboslam/backend/install/setup.ps1'
[11.335s] INFO:colcon.colcon_core.shell:Creating prefix script '/home/vince/Documents/school/mit/2025sp-turboslam/backend/install/local_setup.sh'
[11.336s] INFO:colcon.colcon_core.shell:Creating prefix util module '/home/vince/Documents/school/mit/2025sp-turboslam/backend/install/_local_setup_util_sh.py'
[11.337s] INFO:colcon.colcon_core.shell:Creating prefix chain script '/home/vince/Documents/school/mit/2025sp-turboslam/backend/install/setup.sh'
[11.339s] INFO:colcon.colcon_core.shell:Creating prefix script '/home/vince/Documents/school/mit/2025sp-turboslam/backend/install/local_setup.bash'
[11.340s] INFO:colcon.colcon_core.shell:Creating prefix chain script '/home/vince/Documents/school/mit/2025sp-turboslam/backend/install/setup.bash'
[11.342s] INFO:colcon.colcon_core.shell:Creating prefix script '/home/vince/Documents/school/mit/2025sp-turboslam/backend/install/local_setup.zsh'
[11.343s] INFO:colcon.colcon_core.shell:Creating prefix chain script '/home/vince/Documents/school/mit/2025sp-turboslam/backend/install/setup.zsh'
