In file included from [01m[K/opt/ros/humble/include/rclcpp/rclcpp/logging.hpp:24[m[K,
                 from [01m[K/opt/ros/humble/include/rclcpp/rclcpp/client.hpp:40[m[K,
                 from [01m[K/opt/ros/humble/include/rclcpp/rclcpp/callback_group.hpp:24[m[K,
                 from [01m[K/opt/ros/humble/include/rclcpp/rclcpp/any_executable.hpp:20[m[K,
                 from [01m[K/opt/ros/humble/include/rclcpp/rclcpp/memory_strategy.hpp:25[m[K,
                 from [01m[K/opt/ros/humble/include/rclcpp/rclcpp/memory_strategies.hpp:18[m[K,
                 from [01m[K/opt/ros/humble/include/rclcpp/rclcpp/executor_options.hpp:20[m[K,
                 from [01m[K/opt/ros/humble/include/rclcpp/rclcpp/executor.hpp:37[m[K,
                 from [01m[K/opt/ros/humble/include/rclcpp/rclcpp/executors/multi_threaded_executor.hpp:25[m[K,
                 from [01m[K/opt/ros/humble/include/rclcpp/rclcpp/executors.hpp:21[m[K,
                 from [01m[K/opt/ros/humble/include/rclcpp/rclcpp/rclcpp.hpp:155[m[K,
                 from [01m[K/home/vince/Documents/school/mit/2025sp-turboslam/backend/ros2_ws/src/tilt_lidar_node/src/tilt_lidar_node.cpp:5[m[K:
[01m[K/home/vince/Documents/school/mit/2025sp-turboslam/backend/ros2_ws/src/tilt_lidar_node/src/tilt_lidar_node.cpp:[m[K In member function ‘[01m[Kvoid TiltLaserNode::scanCallback(sensor_msgs::msg::LaserScan_<std::allocator<void> >::SharedPtr)[m[K’:
[01m[K/home/vince/Documents/school/mit/2025sp-turboslam/backend/ros2_ws/src/tilt_lidar_node/src/tilt_lidar_node.cpp:114:19:[m[K [01;35m[Kwarning: [m[Kformat ‘[01m[K%zu[m[K’ expects argument of type ‘[01m[Ksize_t[m[K’, but argument 5 has type ‘[01m[Ksensor_msgs::msg::PointCloud2_<std::allocator<void> >::_width_type[m[K’ {aka ‘[01m[Kunsigned int[m[K’} [[01;35m[K]8;;https://gcc.gnu.org/onlinedocs/gcc/Warning-Options.html#index-Wformat=-Wformat=]8;;[m[K]
  114 |                   [01;35m[K"projected %zu points"[m[K,
      |                   [01;35m[K^~~~~~~~~~~~~~~~~~~~~~[m[K
  115 |                   [32m[Kcloud2.width * cloud2.height[m[K);
      |                   [32m[K~~~~~~~~~~~~~~~~~~~~~~~~~~~~[m[K
      |                                [32m[K|[m[K
      |                                [32m[Ksensor_msgs::msg::PointCloud2_<std::allocator<void> >::_width_type {aka unsigned int}[m[K
[01m[K/home/vince/Documents/school/mit/2025sp-turboslam/backend/ros2_ws/src/tilt_lidar_node/src/tilt_lidar_node.cpp:114:32:[m[K [01;36m[Knote: [m[Kformat string is defined here
  114 |                   "projected [01;36m[K%zu[m[K points",
      |                              [01;36m[K~~^[m[K
      |                                [01;36m[K|[m[K
      |                                [01;36m[Klong unsigned int[m[K
      |                              [32m[K%u[m[K
