-- The C compiler identification is GNU 11.4.0
-- The CXX compiler identification is GNU 11.4.0
-- Detecting C compiler ABI info
-- Detecting C compiler ABI info - done
-- Check for working C compiler: /usr/bin/cc - skipped
-- Detecting C compile features
-- Detecting C compile features - done
-- Detecting CXX compiler ABI info
-- Detecting CXX compiler ABI info - done
-- Check for working CXX compiler: /usr/bin/c++ - skipped
-- Detecting CXX compile features
-- Detecting CXX compile features - done
-- Found ament_cmake: 1.3.11 (/opt/ros/humble/share/ament_cmake/cmake)
-- Found Python3: /usr/bin/python3 (found version "3.10.12") found components: Interpreter 
-- Found ament_lint_auto: 0.12.12 (/opt/ros/humble/share/ament_lint_auto/cmake)
-- Found rclcpp: 16.0.12 (/opt/ros/humble/share/rclcpp/cmake)
-- Found rosidl_generator_c: 3.1.6 (/opt/ros/humble/share/rosidl_generator_c/cmake)
-- Found rosidl_adapter: 3.1.6 (/opt/ros/humble/share/rosidl_adapter/cmake)
-- Found rosidl_generator_cpp: 3.1.6 (/opt/ros/humble/share/rosidl_generator_cpp/cmake)
-- Using all available rosidl_typesupport_c: rosidl_typesupport_fastrtps_c;rosidl_typesupport_introspection_c
-- Using all available rosidl_typesupport_cpp: rosidl_typesupport_fastrtps_cpp;rosidl_typesupport_introspection_cpp
-- Found rmw_implementation_cmake: 6.1.2 (/opt/ros/humble/share/rmw_implementation_cmake/cmake)
-- Found rmw_fastrtps_cpp: 6.2.7 (/opt/ros/humble/share/rmw_fastrtps_cpp/cmake)
-- Found OpenSSL: /usr/lib/x86_64-linux-gnu/libcrypto.so (found version "3.0.2")  
-- Found FastRTPS: /opt/ros/humble/include  
-- Using RMW implementation 'rmw_fastrtps_cpp' as default
-- Looking for pthread.h
-- Looking for pthread.h - found
-- Performing Test CMAKE_HAVE_LIBC_PTHREAD
-- Performing Test CMAKE_HAVE_LIBC_PTHREAD - Success
-- Found Threads: TRUE  
-- Found sensor_msgs: 4.8.0 (/opt/ros/humble/share/sensor_msgs/cmake)
-- Found laser_geometry: 2.4.0 (/opt/ros/humble/share/laser_geometry/cmake)
-- Found tf2_ros: 0.25.12 (/opt/ros/humble/share/tf2_ros/cmake)
-- Added test 'cppcheck' to perform static code analysis on C / C++ code
-- Configured cppcheck include dirs: 
-- Configured cppcheck exclude dirs and/or files: 
-- Added test 'flake8' to check Python code syntax and style conventions
-- Added test 'lint_cmake' to check CMake code style
-- Added test 'pep257' to check Python code against some of the docstring style conventions in PEP 257
-- Added test 'uncrustify' to check C / C++ code style
-- Configured uncrustify additional arguments: 
-- Added test 'xmllint' to check XML markup files
-- Configuring done
-- Generating done
-- Build files have been written to: /home/vince/Documents/school/mit/2025sp-turboslam/backend/build/tilt_lidar_node
[ 50%] [32mBuilding CXX object CMakeFiles/tilt_lidar_node.dir/src/tilt_lidar_node.cpp.o[0m
In file included from [01m[K/opt/ros/humble/include/rclcpp/rclcpp/logging.hpp:24[m[K,
                 from [01m[K/opt/ros/humble/include/rclcpp/rclcpp/client.hpp:40[m[K,
                 from [01m[K/opt/ros/humble/include/rclcpp/rclcpp/callback_group.hpp:24[m[K,
                 from [01m[K/opt/ros/humble/include/rclcpp/rclcpp/any_executable.hpp:20[m[K,
                 from [01m[K/opt/ros/humble/include/rclcpp/rclcpp/memory_strategy.hpp:25[m[K,
                 from [01m[K/opt/ros/humble/include/rclcpp/rclcpp/memory_strategies.hpp:18[m[K,
                 from [01m[K/opt/ros/humble/include/rclcpp/rclcpp/executor_options.hpp:20[m[K,
                 from [01m[K/opt/ros/humble/include/rclcpp/rclcpp/executor.hpp:37[m[K,
                 from [01m[K/opt/ros/humble/include/rclcpp/rclcpp/executors/multi_threaded_executor.hpp:25[m[K,
                 from [01m[K/opt/ros/humble/include/rclcpp/rclcpp/executors.hpp:21[m[K,
                 from [01m[K/opt/ros/humble/include/rclcpp/rclcpp/rclcpp.hpp:155[m[K,
                 from [01m[K/home/vince/Documents/school/mit/2025sp-turboslam/backend/ros2_ws/src/tilt_lidar_node/src/tilt_lidar_node.cpp:5[m[K:
[01m[K/home/vince/Documents/school/mit/2025sp-turboslam/backend/ros2_ws/src/tilt_lidar_node/src/tilt_lidar_node.cpp:[m[K In member function ‘[01m[Kvoid TiltLaserNode::scanCallback(sensor_msgs::msg::LaserScan_<std::allocator<void> >::SharedPtr)[m[K’:
[01m[K/home/vince/Documents/school/mit/2025sp-turboslam/backend/ros2_ws/src/tilt_lidar_node/src/tilt_lidar_node.cpp:114:19:[m[K [01;35m[Kwarning: [m[Kformat ‘[01m[K%zu[m[K’ expects argument of type ‘[01m[Ksize_t[m[K’, but argument 5 has type ‘[01m[Ksensor_msgs::msg::PointCloud2_<std::allocator<void> >::_width_type[m[K’ {aka ‘[01m[Kunsigned int[m[K’} [[01;35m[K]8;;https://gcc.gnu.org/onlinedocs/gcc/Warning-Options.html#index-Wformat=-Wformat=]8;;[m[K]
  114 |                   [01;35m[K"projected %zu points"[m[K,
      |                   [01;35m[K^~~~~~~~~~~~~~~~~~~~~~[m[K
  115 |                   [32m[Kcloud2.width * cloud2.height[m[K);
      |                   [32m[K~~~~~~~~~~~~~~~~~~~~~~~~~~~~[m[K
      |                                [32m[K|[m[K
      |                                [32m[Ksensor_msgs::msg::PointCloud2_<std::allocator<void> >::_width_type {aka unsigned int}[m[K
[01m[K/home/vince/Documents/school/mit/2025sp-turboslam/backend/ros2_ws/src/tilt_lidar_node/src/tilt_lidar_node.cpp:114:32:[m[K [01;36m[Knote: [m[Kformat string is defined here
  114 |                   "projected [01;36m[K%zu[m[K points",
      |                              [01;36m[K~~^[m[K
      |                                [01;36m[K|[m[K
      |                                [01;36m[Klong unsigned int[m[K
      |                              [32m[K%u[m[K
[100%] [32m[1mLinking CXX executable tilt_lidar_node[0m
[100%] Built target tilt_lidar_node
-- Install configuration: ""
-- Installing: /home/vince/Documents/school/mit/2025sp-turboslam/backend/install/tilt_lidar_node/lib/tilt_lidar_node/tilt_lidar_node
-- Set runtime path of "/home/vince/Documents/school/mit/2025sp-turboslam/backend/install/tilt_lidar_node/lib/tilt_lidar_node/tilt_lidar_node" to ""
-- Installing: /home/vince/Documents/school/mit/2025sp-turboslam/backend/install/tilt_lidar_node/share/tilt_lidar_node/launch
-- Installing: /home/vince/Documents/school/mit/2025sp-turboslam/backend/install/tilt_lidar_node/share/tilt_lidar_node/launch/view_tilt_lidar_sim_launch.py
-- Installing: /home/vince/Documents/school/mit/2025sp-turboslam/backend/install/tilt_lidar_node/share/tilt_lidar_node/launch/view_tilt_lidar_launch.py
-- Installing: /home/vince/Documents/school/mit/2025sp-turboslam/backend/install/tilt_lidar_node/share/tilt_lidar_node/rviz
-- Installing: /home/vince/Documents/school/mit/2025sp-turboslam/backend/install/tilt_lidar_node/share/tilt_lidar_node/rviz/view_tilt_lidar.rviz
-- Installing: /home/vince/Documents/school/mit/2025sp-turboslam/backend/install/tilt_lidar_node/share/tilt_lidar_node/bag
-- Installing: /home/vince/Documents/school/mit/2025sp-turboslam/backend/install/tilt_lidar_node/share/tilt_lidar_node/bag/lidar_servo_pcl_slow_10hz_15hz
-- Installing: /home/vince/Documents/school/mit/2025sp-turboslam/backend/install/tilt_lidar_node/share/tilt_lidar_node/bag/lidar_servo_pcl_slow_10hz_15hz/lidar_servo_pcl_slow_10hz_15hz_0.db3
-- Installing: /home/vince/Documents/school/mit/2025sp-turboslam/backend/install/tilt_lidar_node/share/tilt_lidar_node/bag/lidar_servo_pcl_slow_10hz_15hz/metadata.yaml
-- Installing: /home/vince/Documents/school/mit/2025sp-turboslam/backend/install/tilt_lidar_node/share/tilt_lidar_node/bag/lidar_servo_imu_pcl_slow_10hz_5hz_10hz
-- Installing: /home/vince/Documents/school/mit/2025sp-turboslam/backend/install/tilt_lidar_node/share/tilt_lidar_node/bag/lidar_servo_imu_pcl_slow_10hz_5hz_10hz/lidar_servo_imu_pcl_slow_10hz_5hz_10hz_0.db3
-- Installing: /home/vince/Documents/school/mit/2025sp-turboslam/backend/install/tilt_lidar_node/share/tilt_lidar_node/bag/lidar_servo_imu_pcl_slow_10hz_5hz_10hz/metadata.yaml
-- Installing: /home/vince/Documents/school/mit/2025sp-turboslam/backend/install/tilt_lidar_node/share/tilt_lidar_node/bag/subset
-- Installing: /home/vince/Documents/school/mit/2025sp-turboslam/backend/install/tilt_lidar_node/share/tilt_lidar_node/bag/subset/subset_0.db3
-- Installing: /home/vince/Documents/school/mit/2025sp-turboslam/backend/install/tilt_lidar_node/share/tilt_lidar_node/bag/subset/metadata.yaml
-- Installing: /home/vince/Documents/school/mit/2025sp-turboslam/backend/install/tilt_lidar_node/share/ament_index/resource_index/package_run_dependencies/tilt_lidar_node
-- Installing: /home/vince/Documents/school/mit/2025sp-turboslam/backend/install/tilt_lidar_node/share/ament_index/resource_index/parent_prefix_path/tilt_lidar_node
-- Installing: /home/vince/Documents/school/mit/2025sp-turboslam/backend/install/tilt_lidar_node/share/tilt_lidar_node/environment/ament_prefix_path.sh
-- Installing: /home/vince/Documents/school/mit/2025sp-turboslam/backend/install/tilt_lidar_node/share/tilt_lidar_node/environment/ament_prefix_path.dsv
-- Installing: /home/vince/Documents/school/mit/2025sp-turboslam/backend/install/tilt_lidar_node/share/tilt_lidar_node/environment/path.sh
-- Installing: /home/vince/Documents/school/mit/2025sp-turboslam/backend/install/tilt_lidar_node/share/tilt_lidar_node/environment/path.dsv
-- Installing: /home/vince/Documents/school/mit/2025sp-turboslam/backend/install/tilt_lidar_node/share/tilt_lidar_node/local_setup.bash
-- Installing: /home/vince/Documents/school/mit/2025sp-turboslam/backend/install/tilt_lidar_node/share/tilt_lidar_node/local_setup.sh
-- Installing: /home/vince/Documents/school/mit/2025sp-turboslam/backend/install/tilt_lidar_node/share/tilt_lidar_node/local_setup.zsh
-- Installing: /home/vince/Documents/school/mit/2025sp-turboslam/backend/install/tilt_lidar_node/share/tilt_lidar_node/local_setup.dsv
-- Installing: /home/vince/Documents/school/mit/2025sp-turboslam/backend/install/tilt_lidar_node/share/tilt_lidar_node/package.dsv
-- Installing: /home/vince/Documents/school/mit/2025sp-turboslam/backend/install/tilt_lidar_node/share/ament_index/resource_index/packages/tilt_lidar_node
-- Installing: /home/vince/Documents/school/mit/2025sp-turboslam/backend/install/tilt_lidar_node/share/tilt_lidar_node/cmake/tilt_lidar_nodeConfig.cmake
-- Installing: /home/vince/Documents/school/mit/2025sp-turboslam/backend/install/tilt_lidar_node/share/tilt_lidar_node/cmake/tilt_lidar_nodeConfig-version.cmake
-- Installing: /home/vince/Documents/school/mit/2025sp-turboslam/backend/install/tilt_lidar_node/share/tilt_lidar_node/package.xml
