[0.008s] Invoking command in '/home/vince/Documents/school/mit/2025sp-turboslam/backend/build/tilt_lidar_node': CMAKE_PREFIX_PATH=/opt/ros/humble /usr/bin/cmake /home/vince/Documents/school/mit/2025sp-turboslam/backend/ros2_ws/src/tilt_lidar_node -DCMAKE_INSTALL_PREFIX=/home/vince/Documents/school/mit/2025sp-turboslam/backend/install/tilt_lidar_node
[0.131s] -- The C compiler identification is GNU 11.4.0
[0.192s] -- The CXX compiler identification is GNU 11.4.0
[0.200s] -- Detecting C compiler ABI info
[0.253s] -- Detecting C compiler ABI info - done
[0.258s] -- Check for working C compiler: /usr/bin/cc - skipped
[0.259s] -- Detecting C compile features
[0.259s] -- Detecting C compile features - done
[0.262s] -- Detecting CXX compiler ABI info
[0.317s] -- Detecting CXX compiler ABI info - done
[0.322s] -- Check for working CXX compiler: /usr/bin/c++ - skipped
[0.322s] -- Detecting CXX compile features
[0.323s] -- Detecting CXX compile features - done
[0.327s] -- Found ament_cmake: 1.3.11 (/opt/ros/humble/share/ament_cmake/cmake)
[0.434s] -- Found Python3: /usr/bin/python3 (found version "3.10.12") found components: Interpreter 
[0.501s] -- Found ament_lint_auto: 0.12.12 (/opt/ros/humble/share/ament_lint_auto/cmake)
[0.553s] -- Found rclcpp: 16.0.12 (/opt/ros/humble/share/rclcpp/cmake)
[0.593s] -- Found rosidl_generator_c: 3.1.6 (/opt/ros/humble/share/rosidl_generator_c/cmake)
[0.597s] -- Found rosidl_adapter: 3.1.6 (/opt/ros/humble/share/rosidl_adapter/cmake)
[0.605s] -- Found rosidl_generator_cpp: 3.1.6 (/opt/ros/humble/share/rosidl_generator_cpp/cmake)
[0.615s] -- Using all available rosidl_typesupport_c: rosidl_typesupport_fastrtps_c;rosidl_typesupport_introspection_c
[0.629s] -- Using all available rosidl_typesupport_cpp: rosidl_typesupport_fastrtps_cpp;rosidl_typesupport_introspection_cpp
[0.669s] -- Found rmw_implementation_cmake: 6.1.2 (/opt/ros/humble/share/rmw_implementation_cmake/cmake)
[0.672s] -- Found rmw_fastrtps_cpp: 6.2.7 (/opt/ros/humble/share/rmw_fastrtps_cpp/cmake)
[0.742s] -- Found OpenSSL: /usr/lib/x86_64-linux-gnu/libcrypto.so (found version "3.0.2")  
[0.764s] -- Found FastRTPS: /opt/ros/humble/include  
[0.793s] -- Using RMW implementation 'rmw_fastrtps_cpp' as default
[0.801s] -- Looking for pthread.h
[0.852s] -- Looking for pthread.h - found
[0.853s] -- Performing Test CMAKE_HAVE_LIBC_PTHREAD
[0.903s] -- Performing Test CMAKE_HAVE_LIBC_PTHREAD - Success
[0.904s] -- Found Threads: TRUE  
[0.950s] -- Found sensor_msgs: 4.8.0 (/opt/ros/humble/share/sensor_msgs/cmake)
[0.977s] -- Found laser_geometry: 2.4.0 (/opt/ros/humble/share/laser_geometry/cmake)
[1.000s] -- Found tf2_ros: 0.25.12 (/opt/ros/humble/share/tf2_ros/cmake)
[1.077s] -- Added test 'cppcheck' to perform static code analysis on C / C++ code
[1.078s] -- Configured cppcheck include dirs: 
[1.078s] -- Configured cppcheck exclude dirs and/or files: 
[1.078s] -- Added test 'flake8' to check Python code syntax and style conventions
[1.079s] -- Added test 'lint_cmake' to check CMake code style
[1.079s] -- Added test 'pep257' to check Python code against some of the docstring style conventions in PEP 257
[1.080s] -- Added test 'uncrustify' to check C / C++ code style
[1.080s] -- Configured uncrustify additional arguments: 
[1.081s] -- Added test 'xmllint' to check XML markup files
[1.082s] -- Configuring done
[1.089s] -- Generating done
[1.092s] -- Build files have been written to: /home/vince/Documents/school/mit/2025sp-turboslam/backend/build/tilt_lidar_node
[1.099s] Invoked command in '/home/vince/Documents/school/mit/2025sp-turboslam/backend/build/tilt_lidar_node' returned '0': CMAKE_PREFIX_PATH=/opt/ros/humble /usr/bin/cmake /home/vince/Documents/school/mit/2025sp-turboslam/backend/ros2_ws/src/tilt_lidar_node -DCMAKE_INSTALL_PREFIX=/home/vince/Documents/school/mit/2025sp-turboslam/backend/install/tilt_lidar_node
[1.101s] Invoking command in '/home/vince/Documents/school/mit/2025sp-turboslam/backend/build/tilt_lidar_node': CMAKE_PREFIX_PATH=/opt/ros/humble /usr/bin/cmake --build /home/vince/Documents/school/mit/2025sp-turboslam/backend/build/tilt_lidar_node -- -j8 -l8
[1.137s] [ 50%] [32mBuilding CXX object CMakeFiles/tilt_lidar_node.dir/src/tilt_lidar_node.cpp.o[0m
[3.023s] In file included from [01m[K/opt/ros/humble/include/rclcpp/rclcpp/logging.hpp:24[m[K,
[3.023s]                  from [01m[K/opt/ros/humble/include/rclcpp/rclcpp/client.hpp:40[m[K,
[3.023s]                  from [01m[K/opt/ros/humble/include/rclcpp/rclcpp/callback_group.hpp:24[m[K,
[3.023s]                  from [01m[K/opt/ros/humble/include/rclcpp/rclcpp/any_executable.hpp:20[m[K,
[3.023s]                  from [01m[K/opt/ros/humble/include/rclcpp/rclcpp/memory_strategy.hpp:25[m[K,
[3.023s]                  from [01m[K/opt/ros/humble/include/rclcpp/rclcpp/memory_strategies.hpp:18[m[K,
[3.023s]                  from [01m[K/opt/ros/humble/include/rclcpp/rclcpp/executor_options.hpp:20[m[K,
[3.023s]                  from [01m[K/opt/ros/humble/include/rclcpp/rclcpp/executor.hpp:37[m[K,
[3.023s]                  from [01m[K/opt/ros/humble/include/rclcpp/rclcpp/executors/multi_threaded_executor.hpp:25[m[K,
[3.023s]                  from [01m[K/opt/ros/humble/include/rclcpp/rclcpp/executors.hpp:21[m[K,
[3.024s]                  from [01m[K/opt/ros/humble/include/rclcpp/rclcpp/rclcpp.hpp:155[m[K,
[3.024s]                  from [01m[K/home/vince/Documents/school/mit/2025sp-turboslam/backend/ros2_ws/src/tilt_lidar_node/src/tilt_lidar_node.cpp:5[m[K:
[3.024s] [01m[K/home/vince/Documents/school/mit/2025sp-turboslam/backend/ros2_ws/src/tilt_lidar_node/src/tilt_lidar_node.cpp:[m[K In member function ‘[01m[Kvoid TiltLaserNode::scanCallback(sensor_msgs::msg::LaserScan_<std::allocator<void> >::SharedPtr)[m[K’:
[3.024s] [01m[K/home/vince/Documents/school/mit/2025sp-turboslam/backend/ros2_ws/src/tilt_lidar_node/src/tilt_lidar_node.cpp:114:19:[m[K [01;35m[Kwarning: [m[Kformat ‘[01m[K%zu[m[K’ expects argument of type ‘[01m[Ksize_t[m[K’, but argument 5 has type ‘[01m[Ksensor_msgs::msg::PointCloud2_<std::allocator<void> >::_width_type[m[K’ {aka ‘[01m[Kunsigned int[m[K’} [[01;35m[K]8;;https://gcc.gnu.org/onlinedocs/gcc/Warning-Options.html#index-Wformat=-Wformat=]8;;[m[K]
[3.024s]   114 |                   [01;35m[K"projected %zu points"[m[K,
[3.024s]       |                   [01;35m[K^~~~~~~~~~~~~~~~~~~~~~[m[K
[3.024s]   115 |                   [32m[Kcloud2.width * cloud2.height[m[K);
[3.024s]       |                   [32m[K~~~~~~~~~~~~~~~~~~~~~~~~~~~~[m[K
[3.024s]       |                                [32m[K|[m[K
[3.024s]       |                                [32m[Ksensor_msgs::msg::PointCloud2_<std::allocator<void> >::_width_type {aka unsigned int}[m[K
[3.024s] [01m[K/home/vince/Documents/school/mit/2025sp-turboslam/backend/ros2_ws/src/tilt_lidar_node/src/tilt_lidar_node.cpp:114:32:[m[K [01;36m[Knote: [m[Kformat string is defined here
[3.024s]   114 |                   "projected [01;36m[K%zu[m[K points",
[3.024s]       |                              [01;36m[K~~^[m[K
[3.024s]       |                                [01;36m[K|[m[K
[3.024s]       |                                [01;36m[Klong unsigned int[m[K
[3.024s]       |                              [32m[K%u[m[K
[10.084s] [100%] [32m[1mLinking CXX executable tilt_lidar_node[0m
[10.855s] [100%] Built target tilt_lidar_node
[10.870s] Invoked command in '/home/vince/Documents/school/mit/2025sp-turboslam/backend/build/tilt_lidar_node' returned '0': CMAKE_PREFIX_PATH=/opt/ros/humble /usr/bin/cmake --build /home/vince/Documents/school/mit/2025sp-turboslam/backend/build/tilt_lidar_node -- -j8 -l8
[10.884s] Invoking command in '/home/vince/Documents/school/mit/2025sp-turboslam/backend/build/tilt_lidar_node': CMAKE_PREFIX_PATH=/opt/ros/humble /usr/bin/cmake --install /home/vince/Documents/school/mit/2025sp-turboslam/backend/build/tilt_lidar_node
[10.894s] -- Install configuration: ""
[10.894s] -- Installing: /home/vince/Documents/school/mit/2025sp-turboslam/backend/install/tilt_lidar_node/lib/tilt_lidar_node/tilt_lidar_node
[10.900s] -- Set runtime path of "/home/vince/Documents/school/mit/2025sp-turboslam/backend/install/tilt_lidar_node/lib/tilt_lidar_node/tilt_lidar_node" to ""
[10.900s] -- Installing: /home/vince/Documents/school/mit/2025sp-turboslam/backend/install/tilt_lidar_node/share/tilt_lidar_node/launch
[10.900s] -- Installing: /home/vince/Documents/school/mit/2025sp-turboslam/backend/install/tilt_lidar_node/share/tilt_lidar_node/launch/view_tilt_lidar_sim_launch.py
[10.900s] -- Installing: /home/vince/Documents/school/mit/2025sp-turboslam/backend/install/tilt_lidar_node/share/tilt_lidar_node/launch/view_tilt_lidar_launch.py
[10.900s] -- Installing: /home/vince/Documents/school/mit/2025sp-turboslam/backend/install/tilt_lidar_node/share/tilt_lidar_node/rviz
[10.901s] -- Installing: /home/vince/Documents/school/mit/2025sp-turboslam/backend/install/tilt_lidar_node/share/tilt_lidar_node/rviz/view_tilt_lidar.rviz
[10.901s] -- Installing: /home/vince/Documents/school/mit/2025sp-turboslam/backend/install/tilt_lidar_node/share/tilt_lidar_node/bag
[10.901s] -- Installing: /home/vince/Documents/school/mit/2025sp-turboslam/backend/install/tilt_lidar_node/share/tilt_lidar_node/bag/lidar_servo_pcl_slow_10hz_15hz
[10.901s] -- Installing: /home/vince/Documents/school/mit/2025sp-turboslam/backend/install/tilt_lidar_node/share/tilt_lidar_node/bag/lidar_servo_pcl_slow_10hz_15hz/lidar_servo_pcl_slow_10hz_15hz_0.db3
[10.917s] -- Installing: /home/vince/Documents/school/mit/2025sp-turboslam/backend/install/tilt_lidar_node/share/tilt_lidar_node/bag/lidar_servo_pcl_slow_10hz_15hz/metadata.yaml
[10.917s] -- Installing: /home/vince/Documents/school/mit/2025sp-turboslam/backend/install/tilt_lidar_node/share/tilt_lidar_node/bag/lidar_servo_imu_pcl_slow_10hz_5hz_10hz
[10.917s] -- Installing: /home/vince/Documents/school/mit/2025sp-turboslam/backend/install/tilt_lidar_node/share/tilt_lidar_node/bag/lidar_servo_imu_pcl_slow_10hz_5hz_10hz/lidar_servo_imu_pcl_slow_10hz_5hz_10hz_0.db3
[10.928s] -- Installing: /home/vince/Documents/school/mit/2025sp-turboslam/backend/install/tilt_lidar_node/share/tilt_lidar_node/bag/lidar_servo_imu_pcl_slow_10hz_5hz_10hz/metadata.yaml
[10.928s] -- Installing: /home/vince/Documents/school/mit/2025sp-turboslam/backend/install/tilt_lidar_node/share/tilt_lidar_node/bag/subset
[10.928s] -- Installing: /home/vince/Documents/school/mit/2025sp-turboslam/backend/install/tilt_lidar_node/share/tilt_lidar_node/bag/subset/subset_0.db3
[10.930s] -- Installing: /home/vince/Documents/school/mit/2025sp-turboslam/backend/install/tilt_lidar_node/share/tilt_lidar_node/bag/subset/metadata.yaml
[10.930s] -- Installing: /home/vince/Documents/school/mit/2025sp-turboslam/backend/install/tilt_lidar_node/share/ament_index/resource_index/package_run_dependencies/tilt_lidar_node
[10.930s] -- Installing: /home/vince/Documents/school/mit/2025sp-turboslam/backend/install/tilt_lidar_node/share/ament_index/resource_index/parent_prefix_path/tilt_lidar_node
[10.931s] -- Installing: /home/vince/Documents/school/mit/2025sp-turboslam/backend/install/tilt_lidar_node/share/tilt_lidar_node/environment/ament_prefix_path.sh
[10.931s] -- Installing: /home/vince/Documents/school/mit/2025sp-turboslam/backend/install/tilt_lidar_node/share/tilt_lidar_node/environment/ament_prefix_path.dsv
[10.931s] -- Installing: /home/vince/Documents/school/mit/2025sp-turboslam/backend/install/tilt_lidar_node/share/tilt_lidar_node/environment/path.sh
[10.931s] -- Installing: /home/vince/Documents/school/mit/2025sp-turboslam/backend/install/tilt_lidar_node/share/tilt_lidar_node/environment/path.dsv
[10.931s] -- Installing: /home/vince/Documents/school/mit/2025sp-turboslam/backend/install/tilt_lidar_node/share/tilt_lidar_node/local_setup.bash
[10.931s] -- Installing: /home/vince/Documents/school/mit/2025sp-turboslam/backend/install/tilt_lidar_node/share/tilt_lidar_node/local_setup.sh
[10.932s] -- Installing: /home/vince/Documents/school/mit/2025sp-turboslam/backend/install/tilt_lidar_node/share/tilt_lidar_node/local_setup.zsh
[10.932s] -- Installing: /home/vince/Documents/school/mit/2025sp-turboslam/backend/install/tilt_lidar_node/share/tilt_lidar_node/local_setup.dsv
[10.932s] -- Installing: /home/vince/Documents/school/mit/2025sp-turboslam/backend/install/tilt_lidar_node/share/tilt_lidar_node/package.dsv
[10.932s] -- Installing: /home/vince/Documents/school/mit/2025sp-turboslam/backend/install/tilt_lidar_node/share/ament_index/resource_index/packages/tilt_lidar_node
[10.932s] -- Installing: /home/vince/Documents/school/mit/2025sp-turboslam/backend/install/tilt_lidar_node/share/tilt_lidar_node/cmake/tilt_lidar_nodeConfig.cmake
[10.932s] -- Installing: /home/vince/Documents/school/mit/2025sp-turboslam/backend/install/tilt_lidar_node/share/tilt_lidar_node/cmake/tilt_lidar_nodeConfig-version.cmake
[10.932s] -- Installing: /home/vince/Documents/school/mit/2025sp-turboslam/backend/install/tilt_lidar_node/share/tilt_lidar_node/package.xml
[10.935s] Invoked command in '/home/vince/Documents/school/mit/2025sp-turboslam/backend/build/tilt_lidar_node' returned '0': CMAKE_PREFIX_PATH=/opt/ros/humble /usr/bin/cmake --install /home/vince/Documents/school/mit/2025sp-turboslam/backend/build/tilt_lidar_node
