[35m[1mConsolidate compiler generated dependencies of target tilt_lidar_node[0m
[100%] Built target tilt_lidar_node
-- Install configuration: ""
-- Up-to-date: /home/vince/Documents/school/mit/2025sp-turboslam/backend/install/tilt_lidar_node/lib/tilt_lidar_node/tilt_lidar_node
-- Up-to-date: /home/vince/Documents/school/mit/2025sp-turboslam/backend/install/tilt_lidar_node/share/tilt_lidar_node/launch
-- Installing: /home/vince/Documents/school/mit/2025sp-turboslam/backend/install/tilt_lidar_node/share/tilt_lidar_node/launch/view_tilt_lidar_sim_launch.py
-- Up-to-date: /home/vince/Documents/school/mit/2025sp-turboslam/backend/install/tilt_lidar_node/share/tilt_lidar_node/launch/view_tilt_lidar_launch.py
-- Up-to-date: /home/vince/Documents/school/mit/2025sp-turboslam/backend/install/tilt_lidar_node/share/tilt_lidar_node/rviz
-- Up-to-date: /home/vince/Documents/school/mit/2025sp-turboslam/backend/install/tilt_lidar_node/share/tilt_lidar_node/rviz/view_tilt_lidar.rviz
-- Up-to-date: /home/vince/Documents/school/mit/2025sp-turboslam/backend/install/tilt_lidar_node/share/tilt_lidar_node/bag
-- Up-to-date: /home/vince/Documents/school/mit/2025sp-turboslam/backend/install/tilt_lidar_node/share/tilt_lidar_node/bag/lidar_servo_pcl_slow_10hz_15hz
-- Up-to-date: /home/vince/Documents/school/mit/2025sp-turboslam/backend/install/tilt_lidar_node/share/tilt_lidar_node/bag/lidar_servo_pcl_slow_10hz_15hz/lidar_servo_pcl_slow_10hz_15hz_0.db3
-- Up-to-date: /home/vince/Documents/school/mit/2025sp-turboslam/backend/install/tilt_lidar_node/share/tilt_lidar_node/bag/lidar_servo_pcl_slow_10hz_15hz/metadata.yaml
-- Up-to-date: /home/vince/Documents/school/mit/2025sp-turboslam/backend/install/tilt_lidar_node/share/tilt_lidar_node/bag/lidar_servo_imu_pcl_slow_10hz_5hz_10hz
-- Up-to-date: /home/vince/Documents/school/mit/2025sp-turboslam/backend/install/tilt_lidar_node/share/tilt_lidar_node/bag/lidar_servo_imu_pcl_slow_10hz_5hz_10hz/lidar_servo_imu_pcl_slow_10hz_5hz_10hz_0.db3
-- Up-to-date: /home/vince/Documents/school/mit/2025sp-turboslam/backend/install/tilt_lidar_node/share/tilt_lidar_node/bag/lidar_servo_imu_pcl_slow_10hz_5hz_10hz/metadata.yaml
-- Up-to-date: /home/vince/Documents/school/mit/2025sp-turboslam/backend/install/tilt_lidar_node/share/tilt_lidar_node/bag/subset
-- Up-to-date: /home/vince/Documents/school/mit/2025sp-turboslam/backend/install/tilt_lidar_node/share/tilt_lidar_node/bag/subset/subset_0.db3
-- Up-to-date: /home/vince/Documents/school/mit/2025sp-turboslam/backend/install/tilt_lidar_node/share/tilt_lidar_node/bag/subset/metadata.yaml
-- Up-to-date: /home/vince/Documents/school/mit/2025sp-turboslam/backend/install/tilt_lidar_node/share/ament_index/resource_index/package_run_dependencies/tilt_lidar_node
-- Up-to-date: /home/vince/Documents/school/mit/2025sp-turboslam/backend/install/tilt_lidar_node/share/ament_index/resource_index/parent_prefix_path/tilt_lidar_node
-- Up-to-date: /home/vince/Documents/school/mit/2025sp-turboslam/backend/install/tilt_lidar_node/share/tilt_lidar_node/environment/ament_prefix_path.sh
-- Up-to-date: /home/vince/Documents/school/mit/2025sp-turboslam/backend/install/tilt_lidar_node/share/tilt_lidar_node/environment/ament_prefix_path.dsv
-- Up-to-date: /home/vince/Documents/school/mit/2025sp-turboslam/backend/install/tilt_lidar_node/share/tilt_lidar_node/environment/path.sh
-- Up-to-date: /home/vince/Documents/school/mit/2025sp-turboslam/backend/install/tilt_lidar_node/share/tilt_lidar_node/environment/path.dsv
-- Up-to-date: /home/vince/Documents/school/mit/2025sp-turboslam/backend/install/tilt_lidar_node/share/tilt_lidar_node/local_setup.bash
-- Up-to-date: /home/vince/Documents/school/mit/2025sp-turboslam/backend/install/tilt_lidar_node/share/tilt_lidar_node/local_setup.sh
-- Up-to-date: /home/vince/Documents/school/mit/2025sp-turboslam/backend/install/tilt_lidar_node/share/tilt_lidar_node/local_setup.zsh
-- Up-to-date: /home/vince/Documents/school/mit/2025sp-turboslam/backend/install/tilt_lidar_node/share/tilt_lidar_node/local_setup.dsv
-- Installing: /home/vince/Documents/school/mit/2025sp-turboslam/backend/install/tilt_lidar_node/share/tilt_lidar_node/package.dsv
-- Up-to-date: /home/vince/Documents/school/mit/2025sp-turboslam/backend/install/tilt_lidar_node/share/ament_index/resource_index/packages/tilt_lidar_node
-- Up-to-date: /home/vince/Documents/school/mit/2025sp-turboslam/backend/install/tilt_lidar_node/share/tilt_lidar_node/cmake/tilt_lidar_nodeConfig.cmake
-- Up-to-date: /home/vince/Documents/school/mit/2025sp-turboslam/backend/install/tilt_lidar_node/share/tilt_lidar_node/cmake/tilt_lidar_nodeConfig-version.cmake
-- Up-to-date: /home/vince/Documents/school/mit/2025sp-turboslam/backend/install/tilt_lidar_node/share/tilt_lidar_node/package.xml
