[0.007s] Invoking command in '/home/vince/Documents/school/mit/2025sp-turboslam/backend/build/tilt_lidar_node': CMAKE_PREFIX_PATH=${CMAKE_PREFIX_PATH}:/opt/ros/humble /usr/bin/cmake --build /home/vince/Documents/school/mit/2025sp-turboslam/backend/build/tilt_lidar_node -- -j8 -l8
[0.035s] [35m[1mConsolidate compiler generated dependencies of target tilt_lidar_node[0m
[0.048s] [100%] Built target tilt_lidar_node
[0.057s] Invoked command in '/home/vince/Documents/school/mit/2025sp-turboslam/backend/build/tilt_lidar_node' returned '0': CMAKE_PREFIX_PATH=${CMAKE_PREFIX_PATH}:/opt/ros/humble /usr/bin/cmake --build /home/vince/Documents/school/mit/2025sp-turboslam/backend/build/tilt_lidar_node -- -j8 -l8
[0.064s] Invoking command in '/home/vince/Documents/school/mit/2025sp-turboslam/backend/build/tilt_lidar_node': CMAKE_PREFIX_PATH=${CMAKE_PREFIX_PATH}:/opt/ros/humble /usr/bin/cmake --install /home/vince/Documents/school/mit/2025sp-turboslam/backend/build/tilt_lidar_node
[0.069s] -- Install configuration: ""
[0.069s] -- Up-to-date: /home/vince/Documents/school/mit/2025sp-turboslam/backend/install/tilt_lidar_node/lib/tilt_lidar_node/tilt_lidar_node
[0.069s] -- Up-to-date: /home/vince/Documents/school/mit/2025sp-turboslam/backend/install/tilt_lidar_node/share/tilt_lidar_node/launch
[0.069s] -- Installing: /home/vince/Documents/school/mit/2025sp-turboslam/backend/install/tilt_lidar_node/share/tilt_lidar_node/launch/view_tilt_lidar_sim_launch.py
[0.069s] -- Up-to-date: /home/vince/Documents/school/mit/2025sp-turboslam/backend/install/tilt_lidar_node/share/tilt_lidar_node/launch/view_tilt_lidar_launch.py
[0.069s] -- Up-to-date: /home/vince/Documents/school/mit/2025sp-turboslam/backend/install/tilt_lidar_node/share/tilt_lidar_node/rviz
[0.069s] -- Up-to-date: /home/vince/Documents/school/mit/2025sp-turboslam/backend/install/tilt_lidar_node/share/tilt_lidar_node/rviz/view_tilt_lidar.rviz
[0.069s] -- Up-to-date: /home/vince/Documents/school/mit/2025sp-turboslam/backend/install/tilt_lidar_node/share/tilt_lidar_node/bag
[0.069s] -- Up-to-date: /home/vince/Documents/school/mit/2025sp-turboslam/backend/install/tilt_lidar_node/share/tilt_lidar_node/bag/lidar_servo_pcl_slow_10hz_15hz
[0.070s] -- Up-to-date: /home/vince/Documents/school/mit/2025sp-turboslam/backend/install/tilt_lidar_node/share/tilt_lidar_node/bag/lidar_servo_pcl_slow_10hz_15hz/lidar_servo_pcl_slow_10hz_15hz_0.db3
[0.070s] -- Up-to-date: /home/vince/Documents/school/mit/2025sp-turboslam/backend/install/tilt_lidar_node/share/tilt_lidar_node/bag/lidar_servo_pcl_slow_10hz_15hz/metadata.yaml
[0.070s] -- Up-to-date: /home/vince/Documents/school/mit/2025sp-turboslam/backend/install/tilt_lidar_node/share/tilt_lidar_node/bag/lidar_servo_imu_pcl_slow_10hz_5hz_10hz
[0.070s] -- Up-to-date: /home/vince/Documents/school/mit/2025sp-turboslam/backend/install/tilt_lidar_node/share/tilt_lidar_node/bag/lidar_servo_imu_pcl_slow_10hz_5hz_10hz/lidar_servo_imu_pcl_slow_10hz_5hz_10hz_0.db3
[0.070s] -- Up-to-date: /home/vince/Documents/school/mit/2025sp-turboslam/backend/install/tilt_lidar_node/share/tilt_lidar_node/bag/lidar_servo_imu_pcl_slow_10hz_5hz_10hz/metadata.yaml
[0.070s] -- Up-to-date: /home/vince/Documents/school/mit/2025sp-turboslam/backend/install/tilt_lidar_node/share/tilt_lidar_node/bag/subset
[0.070s] -- Up-to-date: /home/vince/Documents/school/mit/2025sp-turboslam/backend/install/tilt_lidar_node/share/tilt_lidar_node/bag/subset/subset_0.db3
[0.070s] -- Up-to-date: /home/vince/Documents/school/mit/2025sp-turboslam/backend/install/tilt_lidar_node/share/tilt_lidar_node/bag/subset/metadata.yaml
[0.070s] -- Up-to-date: /home/vince/Documents/school/mit/2025sp-turboslam/backend/install/tilt_lidar_node/share/ament_index/resource_index/package_run_dependencies/tilt_lidar_node
[0.070s] -- Up-to-date: /home/vince/Documents/school/mit/2025sp-turboslam/backend/install/tilt_lidar_node/share/ament_index/resource_index/parent_prefix_path/tilt_lidar_node
[0.070s] -- Up-to-date: /home/vince/Documents/school/mit/2025sp-turboslam/backend/install/tilt_lidar_node/share/tilt_lidar_node/environment/ament_prefix_path.sh
[0.070s] -- Up-to-date: /home/vince/Documents/school/mit/2025sp-turboslam/backend/install/tilt_lidar_node/share/tilt_lidar_node/environment/ament_prefix_path.dsv
[0.070s] -- Up-to-date: /home/vince/Documents/school/mit/2025sp-turboslam/backend/install/tilt_lidar_node/share/tilt_lidar_node/environment/path.sh
[0.070s] -- Up-to-date: /home/vince/Documents/school/mit/2025sp-turboslam/backend/install/tilt_lidar_node/share/tilt_lidar_node/environment/path.dsv
[0.070s] -- Up-to-date: /home/vince/Documents/school/mit/2025sp-turboslam/backend/install/tilt_lidar_node/share/tilt_lidar_node/local_setup.bash
[0.070s] -- Up-to-date: /home/vince/Documents/school/mit/2025sp-turboslam/backend/install/tilt_lidar_node/share/tilt_lidar_node/local_setup.sh
[0.070s] -- Up-to-date: /home/vince/Documents/school/mit/2025sp-turboslam/backend/install/tilt_lidar_node/share/tilt_lidar_node/local_setup.zsh
[0.070s] -- Up-to-date: /home/vince/Documents/school/mit/2025sp-turboslam/backend/install/tilt_lidar_node/share/tilt_lidar_node/local_setup.dsv
[0.071s] -- Installing: /home/vince/Documents/school/mit/2025sp-turboslam/backend/install/tilt_lidar_node/share/tilt_lidar_node/package.dsv
[0.071s] -- Up-to-date: /home/vince/Documents/school/mit/2025sp-turboslam/backend/install/tilt_lidar_node/share/ament_index/resource_index/packages/tilt_lidar_node
[0.071s] -- Up-to-date: /home/vince/Documents/school/mit/2025sp-turboslam/backend/install/tilt_lidar_node/share/tilt_lidar_node/cmake/tilt_lidar_nodeConfig.cmake
[0.071s] -- Up-to-date: /home/vince/Documents/school/mit/2025sp-turboslam/backend/install/tilt_lidar_node/share/tilt_lidar_node/cmake/tilt_lidar_nodeConfig-version.cmake
[0.071s] -- Up-to-date: /home/vince/Documents/school/mit/2025sp-turboslam/backend/install/tilt_lidar_node/share/tilt_lidar_node/package.xml
[0.071s] Invoked command in '/home/vince/Documents/school/mit/2025sp-turboslam/backend/build/tilt_lidar_node' returned '0': CMAKE_PREFIX_PATH=${CMAKE_PREFIX_PATH}:/opt/ros/humble /usr/bin/cmake --install /home/vince/Documents/school/mit/2025sp-turboslam/backend/build/tilt_lidar_node
